{"options": {"model": "denoise", "log": "logs/denoise-final.pt", "params": "params/denoise-final.pt", "dataset": "data/tiny-imagenet-200", "print_every": 100, "lr": 1e-05, "lr_decay": 0.9, "weight_decay": 1e-05, "batch_size": 16, "max_epochs": 2, "train": "denoise-2020-05-13-211250"}, "event": "Started training", "level": "debug", "timestamp": "2020-05-13 21:12:50"}
{"labels": 200, "num_train": 100000, "num_val": 10000, "num_test": 10000, "event": "Loaded datasets", "level": "debug", "timestamp": "2020-05-13 21:12:51"}
{"is_available": true, "event": "CUDA status", "level": "debug", "timestamp": "2020-05-13 21:12:51"}
{"epoch": 0, "event": "Training phase", "level": "info", "timestamp": "2020-05-13 21:12:54"}
{"batch_num": 100, "loss": 0.5518, "psnr": 54.3584, "event": "Update", "level": "debug", "timestamp": "2020-05-13 21:14:06"}
{"batch_num": 200, "loss": 0.1652, "psnr": 59.5961, "event": "Update", "level": "debug", "timestamp": "2020-05-13 21:15:21"}
{"batch_num": 300, "loss": 0.0695, "psnr": 63.3563, "event": "Update", "level": "debug", "timestamp": "2020-05-13 21:16:38"}
{"batch_num": 400, "loss": 0.047, "psnr": 65.0552, "event": "Update", "level": "debug", "timestamp": "2020-05-13 21:17:54"}
{"batch_num": 500, "loss": 0.0389, "psnr": 65.8767, "event": "Update", "level": "debug", "timestamp": "2020-05-13 21:19:11"}
{"batch_num": 600, "loss": 0.0341, "psnr": 66.4486, "event": "Update", "level": "debug", "timestamp": "2020-05-13 21:20:27"}
{"batch_num": 700, "loss": 0.0321, "psnr": 66.7111, "event": "Update", "level": "debug", "timestamp": "2020-05-13 21:21:44"}
{"batch_num": 800, "loss": 0.0291, "psnr": 67.1372, "event": "Update", "level": "debug", "timestamp": "2020-05-13 21:23:00"}
{"batch_num": 900, "loss": 0.0269, "psnr": 67.4787, "event": "Update", "level": "debug", "timestamp": "2020-05-13 21:24:17"}
{"batch_num": 1000, "loss": 0.0252, "psnr": 67.7622, "event": "Update", "level": "debug", "timestamp": "2020-05-13 21:25:33"}
{"batch_num": 1100, "loss": 0.0249, "psnr": 67.8142, "event": "Update", "level": "debug", "timestamp": "2020-05-13 21:26:49"}
{"batch_num": 1200, "loss": 0.0243, "psnr": 67.9201, "event": "Update", "level": "debug", "timestamp": "2020-05-13 21:28:05"}
{"batch_num": 1300, "loss": 0.023, "psnr": 68.1589, "event": "Update", "level": "debug", "timestamp": "2020-05-13 21:29:21"}
{"batch_num": 1400, "loss": 0.0224, "psnr": 68.2737, "event": "Update", "level": "debug", "timestamp": "2020-05-13 21:30:38"}
{"batch_num": 1500, "loss": 0.0225, "psnr": 68.2543, "event": "Update", "level": "debug", "timestamp": "2020-05-13 21:31:54"}
{"batch_num": 1600, "loss": 0.0215, "psnr": 68.4518, "event": "Update", "level": "debug", "timestamp": "2020-05-13 21:33:10"}
{"batch_num": 1700, "loss": 0.021, "psnr": 68.554, "event": "Update", "level": "debug", "timestamp": "2020-05-13 21:34:27"}
{"batch_num": 1800, "loss": 0.0206, "psnr": 68.6375, "event": "Update", "level": "debug", "timestamp": "2020-05-13 21:35:43"}
{"batch_num": 1900, "loss": 0.0204, "psnr": 68.6799, "event": "Update", "level": "debug", "timestamp": "2020-05-13 21:36:59"}
{"batch_num": 2000, "loss": 0.0199, "psnr": 68.7876, "event": "Update", "level": "debug", "timestamp": "2020-05-13 21:38:16"}
{"batch_num": 2100, "loss": 0.0199, "psnr": 68.7876, "event": "Update", "level": "debug", "timestamp": "2020-05-13 21:39:32"}
{"batch_num": 2200, "loss": 0.0199, "psnr": 68.7876, "event": "Update", "level": "debug", "timestamp": "2020-05-13 21:40:48"}
{"batch_num": 2300, "loss": 0.0192, "psnr": 68.9432, "event": "Update", "level": "debug", "timestamp": "2020-05-13 21:42:04"}
{"batch_num": 2400, "loss": 0.0192, "psnr": 68.9432, "event": "Update", "level": "debug", "timestamp": "2020-05-13 21:43:21"}
{"batch_num": 2500, "loss": 0.0189, "psnr": 69.0116, "event": "Update", "level": "debug", "timestamp": "2020-05-13 21:44:37"}
{"batch_num": 2600, "loss": 0.0183, "psnr": 69.1517, "event": "Update", "level": "debug", "timestamp": "2020-05-13 21:45:53"}
{"batch_num": 2700, "loss": 0.0183, "psnr": 69.1517, "event": "Update", "level": "debug", "timestamp": "2020-05-13 21:47:09"}
{"batch_num": 2800, "loss": 0.0183, "psnr": 69.1517, "event": "Update", "level": "debug", "timestamp": "2020-05-13 21:48:25"}
{"batch_num": 2900, "loss": 0.0177, "psnr": 69.2964, "event": "Update", "level": "debug", "timestamp": "2020-05-13 21:49:41"}
{"batch_num": 3000, "loss": 0.0173, "psnr": 69.3957, "event": "Update", "level": "debug", "timestamp": "2020-05-13 21:50:57"}
{"batch_num": 3100, "loss": 0.0177, "psnr": 69.2964, "event": "Update", "level": "debug", "timestamp": "2020-05-13 21:52:13"}
{"batch_num": 3200, "loss": 0.0177, "psnr": 69.2964, "event": "Update", "level": "debug", "timestamp": "2020-05-13 21:53:29"}
{"batch_num": 3300, "loss": 0.0172, "psnr": 69.4209, "event": "Update", "level": "debug", "timestamp": "2020-05-13 21:54:45"}
{"batch_num": 3400, "loss": 0.0175, "psnr": 69.3458, "event": "Update", "level": "debug", "timestamp": "2020-05-13 21:56:01"}
{"batch_num": 3500, "loss": 0.0168, "psnr": 69.5231, "event": "Update", "level": "debug", "timestamp": "2020-05-13 21:57:17"}
{"batch_num": 3600, "loss": 0.017, "psnr": 69.4717, "event": "Update", "level": "debug", "timestamp": "2020-05-13 21:58:33"}
{"batch_num": 3700, "loss": 0.017, "psnr": 69.4717, "event": "Update", "level": "debug", "timestamp": "2020-05-13 21:59:49"}
{"batch_num": 3800, "loss": 0.0169, "psnr": 69.4973, "event": "Update", "level": "debug", "timestamp": "2020-05-13 22:01:05"}
{"batch_num": 3900, "loss": 0.0165, "psnr": 69.6013, "event": "Update", "level": "debug", "timestamp": "2020-05-13 22:02:21"}
{"batch_num": 4000, "loss": 0.0166, "psnr": 69.5751, "event": "Update", "level": "debug", "timestamp": "2020-05-13 22:03:37"}
{"batch_num": 4100, "loss": 0.016, "psnr": 69.735, "event": "Update", "level": "debug", "timestamp": "2020-05-13 22:04:53"}
{"batch_num": 4200, "loss": 0.0161, "psnr": 69.7079, "event": "Update", "level": "debug", "timestamp": "2020-05-13 22:06:09"}
{"batch_num": 4300, "loss": 0.016, "psnr": 69.735, "event": "Update", "level": "debug", "timestamp": "2020-05-13 22:07:25"}
{"batch_num": 4400, "loss": 0.0162, "psnr": 69.681, "event": "Update", "level": "debug", "timestamp": "2020-05-13 22:08:41"}
{"batch_num": 4500, "loss": 0.0156, "psnr": 69.8449, "event": "Update", "level": "debug", "timestamp": "2020-05-13 22:09:57"}
{"batch_num": 4600, "loss": 0.0154, "psnr": 69.901, "event": "Update", "level": "debug", "timestamp": "2020-05-13 22:11:13"}
{"batch_num": 4700, "loss": 0.0163, "psnr": 69.6543, "event": "Update", "level": "debug", "timestamp": "2020-05-13 22:12:30"}
{"batch_num": 4800, "loss": 0.0159, "psnr": 69.7622, "event": "Update", "level": "debug", "timestamp": "2020-05-13 22:13:46"}
{"batch_num": 4900, "loss": 0.0153, "psnr": 69.9293, "event": "Update", "level": "debug", "timestamp": "2020-05-13 22:15:02"}
{"batch_num": 5000, "loss": 0.0159, "psnr": 69.7622, "event": "Update", "level": "debug", "timestamp": "2020-05-13 22:16:18"}
{"batch_num": 5100, "loss": 0.0157, "psnr": 69.8172, "event": "Update", "level": "debug", "timestamp": "2020-05-13 22:17:34"}
{"batch_num": 5200, "loss": 0.0153, "psnr": 69.9293, "event": "Update", "level": "debug", "timestamp": "2020-05-13 22:18:50"}
{"batch_num": 5300, "loss": 0.0159, "psnr": 69.7622, "event": "Update", "level": "debug", "timestamp": "2020-05-13 22:20:06"}
{"batch_num": 5400, "loss": 0.0154, "psnr": 69.901, "event": "Update", "level": "debug", "timestamp": "2020-05-13 22:21:22"}
{"batch_num": 5500, "loss": 0.0153, "psnr": 69.9293, "event": "Update", "level": "debug", "timestamp": "2020-05-13 22:22:38"}
{"batch_num": 5600, "loss": 0.0152, "psnr": 69.9577, "event": "Update", "level": "debug", "timestamp": "2020-05-13 22:23:55"}
{"batch_num": 5700, "loss": 0.0151, "psnr": 69.9864, "event": "Update", "level": "debug", "timestamp": "2020-05-13 22:25:13"}
{"batch_num": 5800, "loss": 0.0149, "psnr": 70.0443, "event": "Update", "level": "debug", "timestamp": "2020-05-13 22:26:30"}
{"batch_num": 5900, "loss": 0.0149, "psnr": 70.0443, "event": "Update", "level": "debug", "timestamp": "2020-05-13 22:27:47"}
{"batch_num": 6000, "loss": 0.0146, "psnr": 70.1326, "event": "Update", "level": "debug", "timestamp": "2020-05-13 22:29:04"}
{"batch_num": 6100, "loss": 0.0147, "psnr": 70.103, "event": "Update", "level": "debug", "timestamp": "2020-05-13 22:30:21"}
{"batch_num": 6200, "loss": 0.0145, "psnr": 70.1625, "event": "Update", "level": "debug", "timestamp": "2020-05-13 22:31:37"}
{"epoch": 0, "event": "Validation phase", "level": "info", "timestamp": "2020-05-13 22:32:16"}
{"batch_num": 100, "loss": 0.014, "psnr": 70.3149, "event": "Update", "level": "debug", "timestamp": "2020-05-13 22:32:45"}
{"batch_num": 200, "loss": 0.0135, "psnr": 70.4728, "event": "Update", "level": "debug", "timestamp": "2020-05-13 22:33:13"}
{"batch_num": 300, "loss": 0.0134, "psnr": 70.5051, "event": "Update", "level": "debug", "timestamp": "2020-05-13 22:33:42"}
{"batch_num": 400, "loss": 0.0133, "psnr": 70.5377, "event": "Update", "level": "debug", "timestamp": "2020-05-13 22:34:10"}
{"batch_num": 500, "loss": 0.0133, "psnr": 70.5377, "event": "Update", "level": "debug", "timestamp": "2020-05-13 22:34:38"}
{"batch_num": 600, "loss": 0.0133, "psnr": 70.5377, "event": "Update", "level": "debug", "timestamp": "2020-05-13 22:35:06"}
{"loss": 0.0132, "psnr": 70.5704, "metric": "loss", "event": "Updated best weights", "level": "info", "timestamp": "2020-05-13 22:35:13"}
{"epoch": 1, "event": "Training phase", "level": "info", "timestamp": "2020-05-13 22:35:13"}
{"batch_num": 100, "loss": 0.0144, "psnr": 70.1925, "event": "Update", "level": "debug", "timestamp": "2020-05-13 22:36:30"}
{"batch_num": 200, "loss": 0.0147, "psnr": 70.103, "event": "Update", "level": "debug", "timestamp": "2020-05-13 22:37:47"}
{"batch_num": 300, "loss": 0.0147, "psnr": 70.103, "event": "Update", "level": "debug", "timestamp": "2020-05-13 22:39:05"}
{"batch_num": 400, "loss": 0.0139, "psnr": 70.346, "event": "Update", "level": "debug", "timestamp": "2020-05-13 22:40:22"}
{"batch_num": 500, "loss": 0.0142, "psnr": 70.2533, "event": "Update", "level": "debug", "timestamp": "2020-05-13 22:41:39"}
{"batch_num": 600, "loss": 0.0144, "psnr": 70.1925, "event": "Update", "level": "debug", "timestamp": "2020-05-13 22:42:56"}
{"batch_num": 700, "loss": 0.0139, "psnr": 70.346, "event": "Update", "level": "debug", "timestamp": "2020-05-13 22:44:13"}
{"batch_num": 800, "loss": 0.0139, "psnr": 70.346, "event": "Update", "level": "debug", "timestamp": "2020-05-13 22:45:30"}
{"batch_num": 900, "loss": 0.0147, "psnr": 70.103, "event": "Update", "level": "debug", "timestamp": "2020-05-13 22:46:47"}
{"batch_num": 1000, "loss": 0.0139, "psnr": 70.346, "event": "Update", "level": "debug", "timestamp": "2020-05-13 22:48:04"}
{"batch_num": 1100, "loss": 0.0145, "psnr": 70.1625, "event": "Update", "level": "debug", "timestamp": "2020-05-13 22:49:20"}
{"batch_num": 1200, "loss": 0.0139, "psnr": 70.346, "event": "Update", "level": "debug", "timestamp": "2020-05-13 22:50:36"}
{"batch_num": 1300, "loss": 0.0141, "psnr": 70.284, "event": "Update", "level": "debug", "timestamp": "2020-05-13 22:51:52"}
{"batch_num": 1400, "loss": 0.0146, "psnr": 70.1326, "event": "Update", "level": "debug", "timestamp": "2020-05-13 22:53:08"}
{"batch_num": 1500, "loss": 0.0142, "psnr": 70.2533, "event": "Update", "level": "debug", "timestamp": "2020-05-13 22:54:24"}
{"batch_num": 1600, "loss": 0.0139, "psnr": 70.346, "event": "Update", "level": "debug", "timestamp": "2020-05-13 22:55:40"}
{"batch_num": 1700, "loss": 0.0138, "psnr": 70.3774, "event": "Update", "level": "debug", "timestamp": "2020-05-13 22:56:56"}
{"batch_num": 1800, "loss": 0.0147, "psnr": 70.103, "event": "Update", "level": "debug", "timestamp": "2020-05-13 22:58:12"}
{"batch_num": 1900, "loss": 0.0141, "psnr": 70.284, "event": "Update", "level": "debug", "timestamp": "2020-05-13 22:59:28"}
{"batch_num": 2000, "loss": 0.0144, "psnr": 70.1925, "event": "Update", "level": "debug", "timestamp": "2020-05-13 23:00:44"}
{"batch_num": 2100, "loss": 0.0138, "psnr": 70.3774, "event": "Update", "level": "debug", "timestamp": "2020-05-13 23:02:00"}
{"batch_num": 2200, "loss": 0.0141, "psnr": 70.284, "event": "Update", "level": "debug", "timestamp": "2020-05-13 23:03:16"}
{"batch_num": 2300, "loss": 0.0139, "psnr": 70.346, "event": "Update", "level": "debug", "timestamp": "2020-05-13 23:04:32"}
{"batch_num": 2400, "loss": 0.0142, "psnr": 70.2533, "event": "Update", "level": "debug", "timestamp": "2020-05-13 23:05:48"}
{"batch_num": 2500, "loss": 0.0139, "psnr": 70.346, "event": "Update", "level": "debug", "timestamp": "2020-05-13 23:07:04"}
{"batch_num": 2600, "loss": 0.0134, "psnr": 70.5051, "event": "Update", "level": "debug", "timestamp": "2020-05-13 23:08:21"}
{"batch_num": 2700, "loss": 0.0138, "psnr": 70.3774, "event": "Update", "level": "debug", "timestamp": "2020-05-13 23:09:37"}
{"batch_num": 2800, "loss": 0.0135, "psnr": 70.4728, "event": "Update", "level": "debug", "timestamp": "2020-05-13 23:10:53"}
{"batch_num": 2900, "loss": 0.0135, "psnr": 70.4728, "event": "Update", "level": "debug", "timestamp": "2020-05-13 23:12:09"}
{"batch_num": 3000, "loss": 0.0135, "psnr": 70.4728, "event": "Update", "level": "debug", "timestamp": "2020-05-13 23:13:25"}
{"batch_num": 3100, "loss": 0.0134, "psnr": 70.5051, "event": "Update", "level": "debug", "timestamp": "2020-05-13 23:14:41"}
{"batch_num": 3200, "loss": 0.0136, "psnr": 70.4408, "event": "Update", "level": "debug", "timestamp": "2020-05-13 23:15:58"}
{"batch_num": 3300, "loss": 0.0132, "psnr": 70.5704, "event": "Update", "level": "debug", "timestamp": "2020-05-13 23:17:14"}
{"batch_num": 3400, "loss": 0.0132, "psnr": 70.5704, "event": "Update", "level": "debug", "timestamp": "2020-05-13 23:18:30"}
{"batch_num": 3500, "loss": 0.0138, "psnr": 70.3774, "event": "Update", "level": "debug", "timestamp": "2020-05-13 23:19:46"}
{"batch_num": 3600, "loss": 0.0135, "psnr": 70.4728, "event": "Update", "level": "debug", "timestamp": "2020-05-13 23:21:02"}
{"batch_num": 3700, "loss": 0.0133, "psnr": 70.5377, "event": "Update", "level": "debug", "timestamp": "2020-05-13 23:22:18"}
{"batch_num": 3800, "loss": 0.0134, "psnr": 70.5051, "event": "Update", "level": "debug", "timestamp": "2020-05-13 23:23:34"}
{"batch_num": 3900, "loss": 0.0135, "psnr": 70.4728, "event": "Update", "level": "debug", "timestamp": "2020-05-13 23:24:50"}
{"batch_num": 4000, "loss": 0.0135, "psnr": 70.4728, "event": "Update", "level": "debug", "timestamp": "2020-05-13 23:26:06"}
{"batch_num": 4100, "loss": 0.0134, "psnr": 70.5051, "event": "Update", "level": "debug", "timestamp": "2020-05-13 23:27:22"}
{"batch_num": 4200, "loss": 0.0134, "psnr": 70.5051, "event": "Update", "level": "debug", "timestamp": "2020-05-13 23:28:38"}
{"batch_num": 4300, "loss": 0.0132, "psnr": 70.5704, "event": "Update", "level": "debug", "timestamp": "2020-05-13 23:29:54"}
{"batch_num": 4400, "loss": 0.0139, "psnr": 70.346, "event": "Update", "level": "debug", "timestamp": "2020-05-13 23:31:10"}
{"batch_num": 4500, "loss": 0.0137, "psnr": 70.409, "event": "Update", "level": "debug", "timestamp": "2020-05-13 23:32:26"}
{"batch_num": 4600, "loss": 0.0134, "psnr": 70.5051, "event": "Update", "level": "debug", "timestamp": "2020-05-13 23:33:42"}
{"batch_num": 4700, "loss": 0.0136, "psnr": 70.4408, "event": "Update", "level": "debug", "timestamp": "2020-05-13 23:34:58"}
{"batch_num": 4800, "loss": 0.013, "psnr": 70.6367, "event": "Update", "level": "debug", "timestamp": "2020-05-13 23:36:14"}
{"batch_num": 4900, "loss": 0.0134, "psnr": 70.5051, "event": "Update", "level": "debug", "timestamp": "2020-05-13 23:37:30"}
{"batch_num": 5000, "loss": 0.0134, "psnr": 70.5051, "event": "Update", "level": "debug", "timestamp": "2020-05-13 23:38:46"}
{"batch_num": 5100, "loss": 0.0135, "psnr": 70.4728, "event": "Update", "level": "debug", "timestamp": "2020-05-13 23:40:03"}
{"batch_num": 5200, "loss": 0.0128, "psnr": 70.7041, "event": "Update", "level": "debug", "timestamp": "2020-05-13 23:41:20"}
{"batch_num": 5300, "loss": 0.0135, "psnr": 70.4728, "event": "Update", "level": "debug", "timestamp": "2020-05-13 23:42:38"}
{"batch_num": 5400, "loss": 0.0131, "psnr": 70.6035, "event": "Update", "level": "debug", "timestamp": "2020-05-13 23:43:56"}
{"batch_num": 5500, "loss": 0.0132, "psnr": 70.5704, "event": "Update", "level": "debug", "timestamp": "2020-05-13 23:45:14"}
{"batch_num": 5600, "loss": 0.0132, "psnr": 70.5704, "event": "Update", "level": "debug", "timestamp": "2020-05-13 23:46:32"}
{"batch_num": 5700, "loss": 0.0129, "psnr": 70.6703, "event": "Update", "level": "debug", "timestamp": "2020-05-13 23:47:50"}
{"batch_num": 5800, "loss": 0.0127, "psnr": 70.7381, "event": "Update", "level": "debug", "timestamp": "2020-05-13 23:49:08"}
{"batch_num": 5900, "loss": 0.0129, "psnr": 70.6703, "event": "Update", "level": "debug", "timestamp": "2020-05-13 23:50:26"}
{"batch_num": 6000, "loss": 0.013, "psnr": 70.6367, "event": "Update", "level": "debug", "timestamp": "2020-05-13 23:51:44"}
{"batch_num": 6100, "loss": 0.0134, "psnr": 70.5051, "event": "Update", "level": "debug", "timestamp": "2020-05-13 23:53:03"}
{"batch_num": 6200, "loss": 0.0132, "psnr": 70.5704, "event": "Update", "level": "debug", "timestamp": "2020-05-13 23:54:21"}
{"epoch": 1, "event": "Validation phase", "level": "info", "timestamp": "2020-05-13 23:54:59"}
{"batch_num": 100, "loss": 0.013, "psnr": 70.6367, "event": "Update", "level": "debug", "timestamp": "2020-05-13 23:55:29"}
{"batch_num": 200, "loss": 0.0128, "psnr": 70.7041, "event": "Update", "level": "debug", "timestamp": "2020-05-13 23:55:58"}
{"batch_num": 300, "loss": 0.0127, "psnr": 70.7381, "event": "Update", "level": "debug", "timestamp": "2020-05-13 23:56:27"}
{"batch_num": 400, "loss": 0.0128, "psnr": 70.7041, "event": "Update", "level": "debug", "timestamp": "2020-05-13 23:56:56"}
{"batch_num": 500, "loss": 0.0128, "psnr": 70.7041, "event": "Update", "level": "debug", "timestamp": "2020-05-13 23:57:25"}
{"batch_num": 600, "loss": 0.0128, "psnr": 70.7041, "event": "Update", "level": "debug", "timestamp": "2020-05-13 23:57:54"}
{"event": "Saved weights", "level": "info", "timestamp": "2020-05-13 23:58:01"}
{"event": "Stopped training", "level": "debug", "timestamp": "2020-05-13 23:58:01"}
