{"options": {"model": "resnet", "log": null, "params": "params/resnet-2020-05-10-003557.pt", "dataset": "data/tiny-imagenet-200", "print_every": 200, "lr": 0.001, "lr_decay": 0.95, "weight_decay": 0.001, "batch_size": 32, "max_epochs": 10, "train": "resnet-2020-05-10-003557"}, "event": "Started training", "level": "debug", "timestamp": "2020-05-10 07:35:57"}
{"labels": 200, "num_train": 100000, "num_val": 10000, "num_test": 10000, "event": "Loaded datasets", "level": "debug", "timestamp": "2020-05-10 07:35:58"}
{"is_available": false, "event": "CUDA status", "level": "debug", "timestamp": "2020-05-10 07:35:58"}
{"event": "Initialized model", "level": "debug", "timestamp": "2020-05-10 07:35:59"}
{"event": "Initialized loss and optimizer", "level": "debug", "timestamp": "2020-05-10 07:35:59"}
{"batch_num": 200, "epoch": 0, "train_acc": 0.0064, "train_top_k_acc": 0.0291, "train_loss": 118.3299, "test_acc": 0.0, "test_top_k_acc": 0.0, "test_loss": 8.6007, "event": "Training update", "level": "debug", "timestamp": "2020-05-10 07:41:32"}
{"batch_num": 400, "epoch": 0, "train_acc": 0.0081, "train_top_k_acc": 0.0336, "train_loss": 6.0109, "test_acc": 0.0, "test_top_k_acc": 0.0039, "test_loss": 5.473, "event": "Training update", "level": "debug", "timestamp": "2020-05-10 07:47:00"}
{"batch_num": 600, "epoch": 0, "train_acc": 0.0141, "train_top_k_acc": 0.0531, "train_loss": 5.514, "test_acc": 0.0, "test_top_k_acc": 0.0, "test_loss": 5.9366, "event": "Training update", "level": "debug", "timestamp": "2020-05-10 07:52:29"}
{"batch_num": 800, "epoch": 0, "train_acc": 0.0211, "train_top_k_acc": 0.0739, "train_loss": 5.2822, "test_acc": 0.0195, "test_top_k_acc": 0.0859, "test_loss": 5.1073, "event": "Training update", "level": "debug", "timestamp": "2020-05-10 07:57:56"}
{"batch_num": 1000, "epoch": 0, "train_acc": 0.0247, "train_top_k_acc": 0.0955, "train_loss": 5.1316, "test_acc": 0.0117, "test_top_k_acc": 0.0586, "test_loss": 5.4936, "event": "Training update", "level": "debug", "timestamp": "2020-05-10 08:03:26"}
{"batch_num": 1200, "epoch": 0, "train_acc": 0.0353, "train_top_k_acc": 0.1116, "train_loss": 5.0411, "test_acc": 0.0039, "test_top_k_acc": 0.0234, "test_loss": 5.9517, "event": "Training update", "level": "debug", "timestamp": "2020-05-10 08:08:54"}
{"batch_num": 1400, "epoch": 0, "train_acc": 0.0303, "train_top_k_acc": 0.1059, "train_loss": 5.035, "test_acc": 0.0117, "test_top_k_acc": 0.0508, "test_loss": 5.5291, "event": "Training update", "level": "debug", "timestamp": "2020-05-10 08:14:24"}
{"batch_num": 1600, "epoch": 0, "train_acc": 0.0383, "train_top_k_acc": 0.1258, "train_loss": 4.9831, "test_acc": 0.0, "test_top_k_acc": 0.0234, "test_loss": 5.7081, "event": "Training update", "level": "debug", "timestamp": "2020-05-10 08:19:52"}
{"batch_num": 1800, "epoch": 0, "train_acc": 0.0375, "train_top_k_acc": 0.1237, "train_loss": 4.9632, "test_acc": 0.0117, "test_top_k_acc": 0.0312, "test_loss": 5.4946, "event": "Training update", "level": "debug", "timestamp": "2020-05-10 08:25:25"}
{"batch_num": 2000, "epoch": 0, "train_acc": 0.0409, "train_top_k_acc": 0.1361, "train_loss": 4.9092, "test_acc": 0.0039, "test_top_k_acc": 0.0039, "test_loss": 5.9702, "event": "Training update", "level": "debug", "timestamp": "2020-05-10 08:30:54"}
{"batch_num": 2200, "epoch": 0, "train_acc": 0.0392, "train_top_k_acc": 0.1325, "train_loss": 4.9292, "test_acc": 0.0039, "test_top_k_acc": 0.0156, "test_loss": 6.0239, "event": "Training update", "level": "debug", "timestamp": "2020-05-10 08:36:23"}
{"batch_num": 2400, "epoch": 0, "train_acc": 0.0475, "train_top_k_acc": 0.1547, "train_loss": 4.8457, "test_acc": 0.0039, "test_top_k_acc": 0.0469, "test_loss": 5.5468, "event": "Training update", "level": "debug", "timestamp": "2020-05-10 08:41:52"}
{"batch_num": 2600, "epoch": 0, "train_acc": 0.0494, "train_top_k_acc": 0.1661, "train_loss": 4.82, "test_acc": 0.0078, "test_top_k_acc": 0.0195, "test_loss": 5.6925, "event": "Training update", "level": "debug", "timestamp": "2020-05-10 08:47:21"}
{"batch_num": 2800, "epoch": 0, "train_acc": 0.0611, "train_top_k_acc": 0.1773, "train_loss": 4.7689, "test_acc": 0.0039, "test_top_k_acc": 0.0117, "test_loss": 6.5787, "event": "Training update", "level": "debug", "timestamp": "2020-05-10 08:52:50"}
{"batch_num": 3000, "epoch": 0, "train_acc": 0.0577, "train_top_k_acc": 0.1762, "train_loss": 4.7348, "test_acc": 0.0039, "test_top_k_acc": 0.0273, "test_loss": 6.3416, "event": "Training update", "level": "debug", "timestamp": "2020-05-10 08:58:20"}
{"event": "Epoch complete, saved model state", "level": "info", "timestamp": "2020-05-10 09:01:44"}
{"batch_num": 200, "epoch": 1, "train_acc": 0.0772, "train_top_k_acc": 0.2239, "train_loss": 4.574, "test_acc": 0.0, "test_top_k_acc": 0.0117, "test_loss": 6.7975, "event": "Training update", "level": "debug", "timestamp": "2020-05-10 09:08:05"}
{"batch_num": 400, "epoch": 1, "train_acc": 0.0772, "train_top_k_acc": 0.2191, "train_loss": 4.5537, "test_acc": 0.0117, "test_top_k_acc": 0.0352, "test_loss": 6.276, "event": "Training update", "level": "debug", "timestamp": "2020-05-10 09:14:48"}
{"batch_num": 600, "epoch": 1, "train_acc": 0.0803, "train_top_k_acc": 0.2217, "train_loss": 4.5664, "test_acc": 0.0, "test_top_k_acc": 0.0195, "test_loss": 6.65, "event": "Training update", "level": "debug", "timestamp": "2020-05-10 09:21:20"}
{"batch_num": 800, "epoch": 1, "train_acc": 0.0866, "train_top_k_acc": 0.2381, "train_loss": 4.5132, "test_acc": 0.0, "test_top_k_acc": 0.0156, "test_loss": 7.0503, "event": "Training update", "level": "debug", "timestamp": "2020-05-10 09:27:50"}
{"batch_num": 1000, "epoch": 1, "train_acc": 0.082, "train_top_k_acc": 0.2408, "train_loss": 4.4946, "test_acc": 0.0078, "test_top_k_acc": 0.0273, "test_loss": 6.6951, "event": "Training update", "level": "debug", "timestamp": "2020-05-10 09:34:24"}
{"batch_num": 1200, "epoch": 1, "train_acc": 0.0891, "train_top_k_acc": 0.2419, "train_loss": 4.4813, "test_acc": 0.0, "test_top_k_acc": 0.0156, "test_loss": 6.9351, "event": "Training update", "level": "debug", "timestamp": "2020-05-10 09:40:55"}
{"batch_num": 1400, "epoch": 1, "train_acc": 0.0847, "train_top_k_acc": 0.2542, "train_loss": 4.4303, "test_acc": 0.0039, "test_top_k_acc": 0.0273, "test_loss": 6.4296, "event": "Training update", "level": "debug", "timestamp": "2020-05-10 09:47:28"}
{"batch_num": 1600, "epoch": 1, "train_acc": 0.0859, "train_top_k_acc": 0.2448, "train_loss": 4.4317, "test_acc": 0.0352, "test_top_k_acc": 0.0703, "test_loss": 6.6979, "event": "Training update", "level": "debug", "timestamp": "2020-05-10 09:53:59"}
{"batch_num": 1800, "epoch": 1, "train_acc": 0.0909, "train_top_k_acc": 0.258, "train_loss": 4.4121, "test_acc": 0.0, "test_top_k_acc": 0.0078, "test_loss": 6.584, "event": "Training update", "level": "debug", "timestamp": "2020-05-10 10:00:30"}
{"batch_num": 2000, "epoch": 1, "train_acc": 0.0823, "train_top_k_acc": 0.2505, "train_loss": 4.418, "test_acc": 0.0, "test_top_k_acc": 0.0078, "test_loss": 6.4142, "event": "Training update", "level": "debug", "timestamp": "2020-05-10 10:07:01"}
{"batch_num": 2200, "epoch": 1, "train_acc": 0.082, "train_top_k_acc": 0.2456, "train_loss": 4.4702, "test_acc": 0.0, "test_top_k_acc": 0.0039, "test_loss": 6.5499, "event": "Training update", "level": "debug", "timestamp": "2020-05-10 10:13:33"}
{"batch_num": 2400, "epoch": 1, "train_acc": 0.0786, "train_top_k_acc": 0.2442, "train_loss": 4.4599, "test_acc": 0.0, "test_top_k_acc": 0.0078, "test_loss": 6.9887, "event": "Training update", "level": "debug", "timestamp": "2020-05-10 10:20:04"}
{"batch_num": 2600, "epoch": 1, "train_acc": 0.0866, "train_top_k_acc": 0.2553, "train_loss": 4.4422, "test_acc": 0.0, "test_top_k_acc": 0.0, "test_loss": 7.0168, "event": "Training update", "level": "debug", "timestamp": "2020-05-10 10:26:36"}
{"batch_num": 2800, "epoch": 1, "train_acc": 0.0853, "train_top_k_acc": 0.2534, "train_loss": 4.4306, "test_acc": 0.0, "test_top_k_acc": 0.0117, "test_loss": 6.3319, "event": "Training update", "level": "debug", "timestamp": "2020-05-10 10:33:05"}
{"batch_num": 3000, "epoch": 1, "train_acc": 0.0942, "train_top_k_acc": 0.2686, "train_loss": 4.3884, "test_acc": 0.0078, "test_top_k_acc": 0.0234, "test_loss": 6.3437, "event": "Training update", "level": "debug", "timestamp": "2020-05-10 10:39:39"}
{"event": "Epoch complete, saved model state", "level": "info", "timestamp": "2020-05-10 10:43:43"}
{"batch_num": 200, "epoch": 2, "train_acc": 0.1009, "train_top_k_acc": 0.2845, "train_loss": 4.2907, "test_acc": 0.0039, "test_top_k_acc": 0.0195, "test_loss": 6.9045, "event": "Training update", "level": "debug", "timestamp": "2020-05-10 10:49:14"}
{"batch_num": 400, "epoch": 2, "train_acc": 0.1009, "train_top_k_acc": 0.2881, "train_loss": 4.3054, "test_acc": 0.0, "test_top_k_acc": 0.0117, "test_loss": 6.513, "event": "Training update", "level": "debug", "timestamp": "2020-05-10 10:54:55"}
{"batch_num": 600, "epoch": 2, "train_acc": 0.0909, "train_top_k_acc": 0.2692, "train_loss": 4.3437, "test_acc": 0.0117, "test_top_k_acc": 0.0352, "test_loss": 7.047, "event": "Training update", "level": "debug", "timestamp": "2020-05-10 11:00:28"}
{"batch_num": 800, "epoch": 2, "train_acc": 0.1047, "train_top_k_acc": 0.2884, "train_loss": 4.277, "test_acc": 0.0078, "test_top_k_acc": 0.0234, "test_loss": 6.5848, "event": "Training update", "level": "debug", "timestamp": "2020-05-10 11:06:01"}
{"batch_num": 1000, "epoch": 2, "train_acc": 0.0958, "train_top_k_acc": 0.2748, "train_loss": 4.3214, "test_acc": 0.0039, "test_top_k_acc": 0.0117, "test_loss": 7.3336, "event": "Training update", "level": "debug", "timestamp": "2020-05-10 11:11:33"}
{"batch_num": 1200, "epoch": 2, "train_acc": 0.0997, "train_top_k_acc": 0.2825, "train_loss": 4.299, "test_acc": 0.0039, "test_top_k_acc": 0.0312, "test_loss": 6.2457, "event": "Training update", "level": "debug", "timestamp": "2020-05-10 11:17:39"}
{"batch_num": 1400, "epoch": 2, "train_acc": 0.103, "train_top_k_acc": 0.2938, "train_loss": 4.2646, "test_acc": 0.0117, "test_top_k_acc": 0.0352, "test_loss": 7.0977, "event": "Training update", "level": "debug", "timestamp": "2020-05-10 11:24:07"}
{"batch_num": 1600, "epoch": 2, "train_acc": 0.0947, "train_top_k_acc": 0.2803, "train_loss": 4.3171, "test_acc": 0.0, "test_top_k_acc": 0.0, "test_loss": 6.7576, "event": "Training update", "level": "debug", "timestamp": "2020-05-10 11:30:38"}
{"event": "Dumped parameters", "level": "warning", "timestamp": "2020-05-10 11:35:54"}
{"event": "Stopped training", "level": "debug", "timestamp": "2020-05-10 11:35:54"}
