{"options": {"model": "resnet", "log": null, "params": "params/resnet-2020-05-09-224503.pt", "dataset": "data/tiny-imagenet-200", "print_every": 100, "lr": 0.0001, "lr_decay": 0.95, "weight_decay": 0.0001, "batch_size": 32, "max_epochs": 10, "train": "resnet-2020-05-09-224503"}, "event": "Started training", "level": "debug", "timestamp": "2020-05-10 05:45:03"}
{"labels": 200, "num_train": 100000, "num_val": 10000, "num_test": 10000, "event": "Loaded datasets", "level": "debug", "timestamp": "2020-05-10 05:45:03"}
{"is_available": false, "event": "CUDA status", "level": "debug", "timestamp": "2020-05-10 05:45:03"}
{"event": "Initialized model", "level": "debug", "timestamp": "2020-05-10 05:45:04"}
{"event": "Initialized loss and optimizer", "level": "debug", "timestamp": "2020-05-10 05:45:04"}
{"batch_num": 100, "epoch": 0, "train_acc": 0.0059, "train_top_k_acc": 0.0259, "mean_train_loss": 25.9533, "test_acc": 0.0, "test_top_k_acc": 0.0, "test_loss": 6.7412, "event": "Training update", "level": "debug", "timestamp": "2020-05-10 05:47:56"}
{"batch_num": 200, "epoch": 0, "train_acc": 0.0063, "train_top_k_acc": 0.0289, "mean_train_loss": 9.515, "test_acc": 0.0, "test_top_k_acc": 0.0078, "test_loss": 4.7163, "event": "Training update", "level": "debug", "timestamp": "2020-05-10 05:50:52"}
{"batch_num": 300, "epoch": 0, "train_acc": 0.0067, "train_top_k_acc": 0.0318, "mean_train_loss": 6.7399, "test_acc": 0.0, "test_top_k_acc": 0.0, "test_loss": 6.0364, "event": "Training update", "level": "debug", "timestamp": "2020-05-10 05:54:06"}
{"batch_num": 400, "epoch": 0, "train_acc": 0.0087, "train_top_k_acc": 0.038, "mean_train_loss": 6.4388, "test_acc": 0.0, "test_top_k_acc": 0.0, "test_loss": 6.4918, "event": "Training update", "level": "debug", "timestamp": "2020-05-10 05:57:33"}
{"batch_num": 500, "epoch": 0, "train_acc": 0.0104, "train_top_k_acc": 0.0432, "mean_train_loss": 6.2938, "test_acc": 0.0, "test_top_k_acc": 0.0, "test_loss": 6.6816, "event": "Training update", "level": "debug", "timestamp": "2020-05-10 06:00:56"}
{"batch_num": 600, "epoch": 0, "train_acc": 0.0118, "train_top_k_acc": 0.0485, "mean_train_loss": 6.086, "test_acc": 0.0469, "test_top_k_acc": 0.3828, "test_loss": 3.7868, "event": "Training update", "level": "debug", "timestamp": "2020-05-10 06:04:05"}
{"batch_num": 700, "epoch": 0, "train_acc": 0.0137, "train_top_k_acc": 0.0558, "mean_train_loss": 5.8727, "test_acc": 0.0391, "test_top_k_acc": 0.1094, "test_loss": 4.9233, "event": "Training update", "level": "debug", "timestamp": "2020-05-10 06:07:06"}
{"batch_num": 800, "epoch": 0, "train_acc": 0.0163, "train_top_k_acc": 0.0618, "mean_train_loss": 5.7628, "test_acc": 0.0, "test_top_k_acc": 0.0, "test_loss": 8.2081, "event": "Training update", "level": "debug", "timestamp": "2020-05-10 06:10:06"}
{"batch_num": 900, "epoch": 0, "train_acc": 0.0185, "train_top_k_acc": 0.0673, "mean_train_loss": 5.5809, "test_acc": 0.0, "test_top_k_acc": 0.0312, "test_loss": 6.0723, "event": "Training update", "level": "debug", "timestamp": "2020-05-10 06:13:08"}
{"batch_num": 1000, "epoch": 0, "train_acc": 0.0198, "train_top_k_acc": 0.0717, "mean_train_loss": 5.4929, "test_acc": 0.0, "test_top_k_acc": 0.0, "test_loss": 9.225, "event": "Training update", "level": "debug", "timestamp": "2020-05-10 06:16:07"}
{"batch_num": 1100, "epoch": 0, "train_acc": 0.0226, "train_top_k_acc": 0.0777, "mean_train_loss": 5.2753, "test_acc": 0.0078, "test_top_k_acc": 0.0312, "test_loss": 6.0626, "event": "Training update", "level": "debug", "timestamp": "2020-05-10 06:19:07"}
{"batch_num": 1200, "epoch": 0, "train_acc": 0.0248, "train_top_k_acc": 0.0832, "mean_train_loss": 5.1836, "test_acc": 0.0, "test_top_k_acc": 0.0, "test_loss": 7.6049, "event": "Training update", "level": "debug", "timestamp": "2020-05-10 06:22:07"}
{"batch_num": 1300, "epoch": 0, "train_acc": 0.027, "train_top_k_acc": 0.0892, "mean_train_loss": 5.1254, "test_acc": 0.0078, "test_top_k_acc": 0.0469, "test_loss": 6.4377, "event": "Training update", "level": "debug", "timestamp": "2020-05-10 06:25:08"}
{"batch_num": 1400, "epoch": 0, "train_acc": 0.0297, "train_top_k_acc": 0.0954, "mean_train_loss": 4.9262, "test_acc": 0.0, "test_top_k_acc": 0.0234, "test_loss": 6.4225, "event": "Training update", "level": "debug", "timestamp": "2020-05-10 06:28:08"}
{"batch_num": 1500, "epoch": 0, "train_acc": 0.0324, "train_top_k_acc": 0.1018, "mean_train_loss": 4.8622, "test_acc": 0.0, "test_top_k_acc": 0.0, "test_loss": 7.0993, "event": "Training update", "level": "debug", "timestamp": "2020-05-10 06:31:08"}
{"batch_num": 1600, "epoch": 0, "train_acc": 0.0342, "train_top_k_acc": 0.107, "mean_train_loss": 4.8191, "test_acc": 0.0, "test_top_k_acc": 0.0156, "test_loss": 7.1202, "event": "Training update", "level": "debug", "timestamp": "2020-05-10 06:34:09"}
{"batch_num": 1700, "epoch": 0, "train_acc": 0.0365, "train_top_k_acc": 0.1122, "mean_train_loss": 4.7534, "test_acc": 0.0, "test_top_k_acc": 0.0391, "test_loss": 6.1428, "event": "Training update", "level": "debug", "timestamp": "2020-05-10 06:37:10"}
{"batch_num": 1800, "epoch": 0, "train_acc": 0.0382, "train_top_k_acc": 0.1173, "mean_train_loss": 4.709, "test_acc": 0.0, "test_top_k_acc": 0.0547, "test_loss": 6.3315, "event": "Training update", "level": "debug", "timestamp": "2020-05-10 06:40:11"}
{"batch_num": 1900, "epoch": 0, "train_acc": 0.0399, "train_top_k_acc": 0.1222, "mean_train_loss": 4.6883, "test_acc": 0.0, "test_top_k_acc": 0.0156, "test_loss": 7.6877, "event": "Training update", "level": "debug", "timestamp": "2020-05-10 06:43:12"}
{"batch_num": 2000, "epoch": 0, "train_acc": 0.0422, "train_top_k_acc": 0.1285, "mean_train_loss": 4.5608, "test_acc": 0.0, "test_top_k_acc": 0.0156, "test_loss": 7.6956, "event": "Training update", "level": "debug", "timestamp": "2020-05-10 06:46:11"}
{"batch_num": 2100, "epoch": 0, "train_acc": 0.0446, "train_top_k_acc": 0.1338, "mean_train_loss": 4.5748, "test_acc": 0.0078, "test_top_k_acc": 0.0078, "test_loss": 7.2056, "event": "Training update", "level": "debug", "timestamp": "2020-05-10 06:49:10"}
{"batch_num": 2200, "epoch": 0, "train_acc": 0.0468, "train_top_k_acc": 0.139, "mean_train_loss": 4.4997, "test_acc": 0.0, "test_top_k_acc": 0.0234, "test_loss": 7.0927, "event": "Training update", "level": "debug", "timestamp": "2020-05-10 06:52:08"}
{"batch_num": 2300, "epoch": 0, "train_acc": 0.0488, "train_top_k_acc": 0.1437, "mean_train_loss": 4.4751, "test_acc": 0.0234, "test_top_k_acc": 0.1016, "test_loss": 6.2303, "event": "Training update", "level": "debug", "timestamp": "2020-05-10 06:55:08"}
{"batch_num": 2400, "epoch": 0, "train_acc": 0.0511, "train_top_k_acc": 0.1486, "mean_train_loss": 4.4283, "test_acc": 0.0312, "test_top_k_acc": 0.0781, "test_loss": 6.21, "event": "Training update", "level": "debug", "timestamp": "2020-05-10 06:58:07"}
{"batch_num": 2500, "epoch": 0, "train_acc": 0.0532, "train_top_k_acc": 0.1533, "mean_train_loss": 4.4155, "test_acc": 0.0078, "test_top_k_acc": 0.0234, "test_loss": 7.6559, "event": "Training update", "level": "debug", "timestamp": "2020-05-10 07:01:13"}
{"batch_num": 2600, "epoch": 0, "train_acc": 0.0549, "train_top_k_acc": 0.1568, "mean_train_loss": 4.4527, "test_acc": 0.0078, "test_top_k_acc": 0.0547, "test_loss": 6.4179, "event": "Training update", "level": "debug", "timestamp": "2020-05-10 07:04:38"}
{"batch_num": 2700, "epoch": 0, "train_acc": 0.0567, "train_top_k_acc": 0.1613, "mean_train_loss": 4.3791, "test_acc": 0.0, "test_top_k_acc": 0.0312, "test_loss": 6.5911, "event": "Training update", "level": "debug", "timestamp": "2020-05-10 07:07:57"}
{"batch_num": 2800, "epoch": 0, "train_acc": 0.0587, "train_top_k_acc": 0.1654, "mean_train_loss": 4.3683, "test_acc": 0.0078, "test_top_k_acc": 0.0391, "test_loss": 6.7924, "event": "Training update", "level": "debug", "timestamp": "2020-05-10 07:10:57"}
{"batch_num": 2900, "epoch": 0, "train_acc": 0.0604, "train_top_k_acc": 0.169, "mean_train_loss": 4.3776, "test_acc": 0.0, "test_top_k_acc": 0.0078, "test_loss": 7.2144, "event": "Training update", "level": "debug", "timestamp": "2020-05-10 07:13:59"}
{"batch_num": 3000, "epoch": 0, "train_acc": 0.0622, "train_top_k_acc": 0.1727, "mean_train_loss": 4.3468, "test_acc": 0.0, "test_top_k_acc": 0.0078, "test_loss": 7.3555, "event": "Training update", "level": "debug", "timestamp": "2020-05-10 07:17:00"}
{"batch_num": 3100, "epoch": 0, "train_acc": 0.0641, "train_top_k_acc": 0.1766, "mean_train_loss": 4.2941, "test_acc": 0.0, "test_top_k_acc": 0.0, "test_loss": 7.9232, "event": "Training update", "level": "debug", "timestamp": "2020-05-10 07:20:03"}
{"event": "Epoch complete, saved model state", "level": "info", "timestamp": "2020-05-10 07:20:49"}
{"batch_num": 100, "epoch": 1, "train_acc": 0.1403, "train_top_k_acc": 0.3259, "mean_train_loss": 4.1504, "test_acc": 0.0, "test_top_k_acc": 0.0156, "test_loss": 7.2626, "event": "Training update", "level": "debug", "timestamp": "2020-05-10 07:23:51"}
{"batch_num": 200, "epoch": 1, "train_acc": 0.1388, "train_top_k_acc": 0.3297, "mean_train_loss": 4.0926, "test_acc": 0.0, "test_top_k_acc": 0.0078, "test_loss": 7.4445, "event": "Training update", "level": "debug", "timestamp": "2020-05-10 07:26:52"}
{"batch_num": 300, "epoch": 1, "train_acc": 0.1372, "train_top_k_acc": 0.3319, "mean_train_loss": 4.0915, "test_acc": 0.0, "test_top_k_acc": 0.0, "test_loss": 7.776, "event": "Training update", "level": "debug", "timestamp": "2020-05-10 07:29:53"}
{"event": "Dumped parameters", "level": "warning", "timestamp": "2020-05-10 07:32:55"}
{"event": "Stopped training", "level": "debug", "timestamp": "2020-05-10 07:32:55"}
