{"options": {"model": "resnet", "log": null, "params": "params/resnet-2020-05-09-213616.pt", "dataset": "data/tiny-imagenet-200", "print_every": 10, "lr": 0.0001, "lr_decay": 0.95, "weight_decay": 1e-05, "batch_size": 32, "max_epochs": 10, "train": "resnet-2020-05-09-213616"}, "event": "Started training", "level": "debug", "timestamp": "2020-05-10 04:36:16"}
{"labels": 200, "num_train": 100000, "num_val": 10000, "num_test": 10000, "event": "Loaded datasets", "level": "debug", "timestamp": "2020-05-10 04:36:16"}
{"is_available": false, "event": "CUDA status", "level": "debug", "timestamp": "2020-05-10 04:36:16"}
{"event": "Initialized model", "level": "debug", "timestamp": "2020-05-10 04:36:17"}
{"event": "Initialized loss and optimizer", "level": "debug", "timestamp": "2020-05-10 04:36:17"}
{"batch_num": 10, "epoch": 0, "train_acc": 0.0063, "train_top_k_acc": 0.0219, "mean_train_loss": 8.4175, "test_acc": 0.0, "test_top_k_acc": 0.0, "test_loss": 6.783, "event": "Training update", "level": "debug", "timestamp": "2020-05-10 04:36:40"}
{"batch_num": 20, "epoch": 0, "train_acc": 0.0094, "train_top_k_acc": 0.0266, "mean_train_loss": 5.8592, "test_acc": 0.0, "test_top_k_acc": 0.0, "test_loss": 5.0362, "event": "Training update", "level": "debug", "timestamp": "2020-05-10 04:37:04"}
{"batch_num": 30, "epoch": 0, "train_acc": 0.0104, "train_top_k_acc": 0.0323, "mean_train_loss": 5.4634, "test_acc": 0.0, "test_top_k_acc": 0.0, "test_loss": 5.8002, "event": "Training update", "level": "debug", "timestamp": "2020-05-10 04:37:28"}
{"batch_num": 40, "epoch": 0, "train_acc": 0.0109, "train_top_k_acc": 0.0383, "mean_train_loss": 5.3543, "test_acc": 0.0, "test_top_k_acc": 0.0312, "test_loss": 5.4907, "event": "Training update", "level": "debug", "timestamp": "2020-05-10 04:37:51"}
{"batch_num": 50, "epoch": 0, "train_acc": 0.0125, "train_top_k_acc": 0.0475, "mean_train_loss": 5.1957, "test_acc": 0.0, "test_top_k_acc": 0.0312, "test_loss": 6.1957, "event": "Training update", "level": "debug", "timestamp": "2020-05-10 04:38:13"}
{"batch_num": 60, "epoch": 0, "train_acc": 0.0167, "train_top_k_acc": 0.0573, "mean_train_loss": 5.1555, "test_acc": 0.0, "test_top_k_acc": 0.0312, "test_loss": 5.7532, "event": "Training update", "level": "debug", "timestamp": "2020-05-10 04:38:35"}
{"batch_num": 70, "epoch": 0, "train_acc": 0.017, "train_top_k_acc": 0.0616, "mean_train_loss": 5.3043, "test_acc": 0.0, "test_top_k_acc": 0.1562, "test_loss": 5.7452, "event": "Training update", "level": "debug", "timestamp": "2020-05-10 04:38:58"}
{"batch_num": 80, "epoch": 0, "train_acc": 0.0187, "train_top_k_acc": 0.0637, "mean_train_loss": 5.3039, "test_acc": 0.0, "test_top_k_acc": 0.0, "test_loss": 5.9092, "event": "Training update", "level": "debug", "timestamp": "2020-05-10 04:39:20"}
{"batch_num": 90, "epoch": 0, "train_acc": 0.0187, "train_top_k_acc": 0.067, "mean_train_loss": 5.2089, "test_acc": 0.0, "test_top_k_acc": 0.0625, "test_loss": 6.049, "event": "Training update", "level": "debug", "timestamp": "2020-05-10 04:39:43"}
{"batch_num": 100, "epoch": 0, "train_acc": 0.0209, "train_top_k_acc": 0.0759, "mean_train_loss": 5.01, "test_acc": 0.0, "test_top_k_acc": 0.0, "test_loss": 6.2137, "event": "Training update", "level": "debug", "timestamp": "2020-05-10 04:40:05"}
{"batch_num": 110, "epoch": 0, "train_acc": 0.0236, "train_top_k_acc": 0.0813, "mean_train_loss": 5.1127, "test_acc": 0.0, "test_top_k_acc": 0.0, "test_loss": 5.6798, "event": "Training update", "level": "debug", "timestamp": "2020-05-10 04:40:28"}
{"batch_num": 120, "epoch": 0, "train_acc": 0.0234, "train_top_k_acc": 0.0849, "mean_train_loss": 5.1561, "test_acc": 0.0, "test_top_k_acc": 0.0, "test_loss": 5.9241, "event": "Training update", "level": "debug", "timestamp": "2020-05-10 04:40:50"}
{"batch_num": 130, "epoch": 0, "train_acc": 0.0243, "train_top_k_acc": 0.0868, "mean_train_loss": 5.094, "test_acc": 0.0, "test_top_k_acc": 0.0, "test_loss": 6.7711, "event": "Training update", "level": "debug", "timestamp": "2020-05-10 04:41:13"}
{"batch_num": 140, "epoch": 0, "train_acc": 0.025, "train_top_k_acc": 0.0902, "mean_train_loss": 5.015, "test_acc": 0.0, "test_top_k_acc": 0.0, "test_loss": 6.5399, "event": "Training update", "level": "debug", "timestamp": "2020-05-10 04:41:36"}
{"batch_num": 150, "epoch": 0, "train_acc": 0.0262, "train_top_k_acc": 0.0942, "mean_train_loss": 4.946, "test_acc": 0.0, "test_top_k_acc": 0.0, "test_loss": 6.4063, "event": "Training update", "level": "debug", "timestamp": "2020-05-10 04:41:59"}
{"batch_num": 160, "epoch": 0, "train_acc": 0.0275, "train_top_k_acc": 0.098, "mean_train_loss": 5.0404, "test_acc": 0.0, "test_top_k_acc": 0.0312, "test_loss": 5.856, "event": "Training update", "level": "debug", "timestamp": "2020-05-10 04:42:21"}
{"batch_num": 170, "epoch": 0, "train_acc": 0.029, "train_top_k_acc": 0.1013, "mean_train_loss": 4.9991, "test_acc": 0.0625, "test_top_k_acc": 0.0938, "test_loss": 5.1045, "event": "Training update", "level": "debug", "timestamp": "2020-05-10 04:42:44"}
{"batch_num": 180, "epoch": 0, "train_acc": 0.0295, "train_top_k_acc": 0.105, "mean_train_loss": 5.0619, "test_acc": 0.0, "test_top_k_acc": 0.0, "test_loss": 5.4604, "event": "Training update", "level": "debug", "timestamp": "2020-05-10 04:43:06"}
{"batch_num": 190, "epoch": 0, "train_acc": 0.0308, "train_top_k_acc": 0.1087, "mean_train_loss": 4.8606, "test_acc": 0.0, "test_top_k_acc": 0.0, "test_loss": 6.8263, "event": "Training update", "level": "debug", "timestamp": "2020-05-10 04:43:29"}
{"batch_num": 200, "epoch": 0, "train_acc": 0.0325, "train_top_k_acc": 0.1108, "mean_train_loss": 4.9031, "test_acc": 0.0, "test_top_k_acc": 0.0, "test_loss": 5.9379, "event": "Training update", "level": "debug", "timestamp": "2020-05-10 04:43:52"}
{"batch_num": 210, "epoch": 0, "train_acc": 0.0354, "train_top_k_acc": 0.1131, "mean_train_loss": 4.745, "test_acc": 0.0, "test_top_k_acc": 0.0, "test_loss": 5.8447, "event": "Training update", "level": "debug", "timestamp": "2020-05-10 04:44:14"}
{"batch_num": 220, "epoch": 0, "train_acc": 0.0362, "train_top_k_acc": 0.117, "mean_train_loss": 4.8238, "test_acc": 0.0, "test_top_k_acc": 0.0, "test_loss": 5.7338, "event": "Training update", "level": "debug", "timestamp": "2020-05-10 04:44:37"}
{"batch_num": 230, "epoch": 0, "train_acc": 0.0372, "train_top_k_acc": 0.1196, "mean_train_loss": 4.8177, "test_acc": 0.0, "test_top_k_acc": 0.0, "test_loss": 6.4857, "event": "Training update", "level": "debug", "timestamp": "2020-05-10 04:45:00"}
{"batch_num": 240, "epoch": 0, "train_acc": 0.0385, "train_top_k_acc": 0.1225, "mean_train_loss": 4.8071, "test_acc": 0.0, "test_top_k_acc": 0.0312, "test_loss": 5.7884, "event": "Training update", "level": "debug", "timestamp": "2020-05-10 04:45:22"}
{"batch_num": 250, "epoch": 0, "train_acc": 0.0399, "train_top_k_acc": 0.125, "mean_train_loss": 4.7482, "test_acc": 0.0, "test_top_k_acc": 0.0625, "test_loss": 5.7067, "event": "Training update", "level": "debug", "timestamp": "2020-05-10 04:45:45"}
{"batch_num": 260, "epoch": 0, "train_acc": 0.0412, "train_top_k_acc": 0.1282, "mean_train_loss": 4.7846, "test_acc": 0.0, "test_top_k_acc": 0.0, "test_loss": 6.822, "event": "Training update", "level": "debug", "timestamp": "2020-05-10 04:46:07"}
{"batch_num": 270, "epoch": 0, "train_acc": 0.0419, "train_top_k_acc": 0.1316, "mean_train_loss": 4.7369, "test_acc": 0.0, "test_top_k_acc": 0.0, "test_loss": 6.4671, "event": "Training update", "level": "debug", "timestamp": "2020-05-10 04:46:30"}
{"batch_num": 280, "epoch": 0, "train_acc": 0.0431, "train_top_k_acc": 0.1329, "mean_train_loss": 4.8033, "test_acc": 0.0312, "test_top_k_acc": 0.0625, "test_loss": 6.3021, "event": "Training update", "level": "debug", "timestamp": "2020-05-10 04:46:53"}
{"batch_num": 290, "epoch": 0, "train_acc": 0.0428, "train_top_k_acc": 0.1348, "mean_train_loss": 4.7559, "test_acc": 0.0, "test_top_k_acc": 0.0, "test_loss": 6.1912, "event": "Training update", "level": "debug", "timestamp": "2020-05-10 04:47:15"}
{"batch_num": 300, "epoch": 0, "train_acc": 0.0442, "train_top_k_acc": 0.1372, "mean_train_loss": 4.6293, "test_acc": 0.0, "test_top_k_acc": 0.0, "test_loss": 6.425, "event": "Training update", "level": "debug", "timestamp": "2020-05-10 04:47:38"}
{"batch_num": 310, "epoch": 0, "train_acc": 0.0454, "train_top_k_acc": 0.1396, "mean_train_loss": 4.7484, "test_acc": 0.0, "test_top_k_acc": 0.0, "test_loss": 6.5311, "event": "Training update", "level": "debug", "timestamp": "2020-05-10 04:48:01"}
{"batch_num": 320, "epoch": 0, "train_acc": 0.0459, "train_top_k_acc": 0.1402, "mean_train_loss": 4.7179, "test_acc": 0.0312, "test_top_k_acc": 0.0938, "test_loss": 5.8332, "event": "Training update", "level": "debug", "timestamp": "2020-05-10 04:48:23"}
{"batch_num": 330, "epoch": 0, "train_acc": 0.0468, "train_top_k_acc": 0.1416, "mean_train_loss": 4.7642, "test_acc": 0.0, "test_top_k_acc": 0.0, "test_loss": 6.8177, "event": "Training update", "level": "debug", "timestamp": "2020-05-10 04:48:46"}
{"batch_num": 340, "epoch": 0, "train_acc": 0.0473, "train_top_k_acc": 0.1436, "mean_train_loss": 4.6245, "test_acc": 0.0, "test_top_k_acc": 0.0, "test_loss": 7.0132, "event": "Training update", "level": "debug", "timestamp": "2020-05-10 04:49:10"}
{"batch_num": 350, "epoch": 0, "train_acc": 0.0481, "train_top_k_acc": 0.1453, "mean_train_loss": 4.6734, "test_acc": 0.0, "test_top_k_acc": 0.0312, "test_loss": 6.1286, "event": "Training update", "level": "debug", "timestamp": "2020-05-10 04:49:32"}
{"batch_num": 360, "epoch": 0, "train_acc": 0.0489, "train_top_k_acc": 0.1476, "mean_train_loss": 4.5338, "test_acc": 0.0, "test_top_k_acc": 0.0625, "test_loss": 6.6338, "event": "Training update", "level": "debug", "timestamp": "2020-05-10 04:49:55"}
{"batch_num": 370, "epoch": 0, "train_acc": 0.0505, "train_top_k_acc": 0.151, "mean_train_loss": 4.4838, "test_acc": 0.0312, "test_top_k_acc": 0.0625, "test_loss": 6.3038, "event": "Training update", "level": "debug", "timestamp": "2020-05-10 04:50:18"}
{"batch_num": 380, "epoch": 0, "train_acc": 0.0514, "train_top_k_acc": 0.153, "mean_train_loss": 4.5712, "test_acc": 0.0, "test_top_k_acc": 0.0, "test_loss": 6.3607, "event": "Training update", "level": "debug", "timestamp": "2020-05-10 04:50:40"}
{"batch_num": 390, "epoch": 0, "train_acc": 0.0527, "train_top_k_acc": 0.1554, "mean_train_loss": 4.5055, "test_acc": 0.0, "test_top_k_acc": 0.0, "test_loss": 6.0769, "event": "Training update", "level": "debug", "timestamp": "2020-05-10 04:51:03"}
{"batch_num": 400, "epoch": 0, "train_acc": 0.0536, "train_top_k_acc": 0.158, "mean_train_loss": 4.5213, "test_acc": 0.0, "test_top_k_acc": 0.0312, "test_loss": 6.8536, "event": "Training update", "level": "debug", "timestamp": "2020-05-10 04:51:26"}
{"batch_num": 410, "epoch": 0, "train_acc": 0.0548, "train_top_k_acc": 0.1603, "mean_train_loss": 4.4509, "test_acc": 0.0312, "test_top_k_acc": 0.0312, "test_loss": 6.5305, "event": "Training update", "level": "debug", "timestamp": "2020-05-10 04:51:49"}
{"batch_num": 420, "epoch": 0, "train_acc": 0.0555, "train_top_k_acc": 0.1624, "mean_train_loss": 4.5128, "test_acc": 0.0, "test_top_k_acc": 0.0, "test_loss": 6.1221, "event": "Training update", "level": "debug", "timestamp": "2020-05-10 04:52:11"}
{"batch_num": 430, "epoch": 0, "train_acc": 0.0564, "train_top_k_acc": 0.1642, "mean_train_loss": 4.6325, "test_acc": 0.0, "test_top_k_acc": 0.0312, "test_loss": 6.4698, "event": "Training update", "level": "debug", "timestamp": "2020-05-10 04:52:34"}
{"batch_num": 440, "epoch": 0, "train_acc": 0.057, "train_top_k_acc": 0.1659, "mean_train_loss": 4.5217, "test_acc": 0.0312, "test_top_k_acc": 0.0312, "test_loss": 6.1622, "event": "Training update", "level": "debug", "timestamp": "2020-05-10 04:52:57"}
{"batch_num": 450, "epoch": 0, "train_acc": 0.0574, "train_top_k_acc": 0.1673, "mean_train_loss": 4.6242, "test_acc": 0.0, "test_top_k_acc": 0.0, "test_loss": 7.3781, "event": "Training update", "level": "debug", "timestamp": "2020-05-10 04:53:19"}
{"batch_num": 460, "epoch": 0, "train_acc": 0.0579, "train_top_k_acc": 0.1685, "mean_train_loss": 4.5927, "test_acc": 0.0, "test_top_k_acc": 0.0312, "test_loss": 5.9, "event": "Training update", "level": "debug", "timestamp": "2020-05-10 04:53:42"}
{"batch_num": 470, "epoch": 0, "train_acc": 0.0586, "train_top_k_acc": 0.1704, "mean_train_loss": 4.4099, "test_acc": 0.0, "test_top_k_acc": 0.0312, "test_loss": 6.6407, "event": "Training update", "level": "debug", "timestamp": "2020-05-10 04:54:05"}
{"batch_num": 480, "epoch": 0, "train_acc": 0.0604, "train_top_k_acc": 0.1729, "mean_train_loss": 4.3379, "test_acc": 0.0, "test_top_k_acc": 0.0312, "test_loss": 7.1075, "event": "Training update", "level": "debug", "timestamp": "2020-05-10 04:54:27"}
{"batch_num": 490, "epoch": 0, "train_acc": 0.0607, "train_top_k_acc": 0.174, "mean_train_loss": 4.5802, "test_acc": 0.0, "test_top_k_acc": 0.0, "test_loss": 6.8954, "event": "Training update", "level": "debug", "timestamp": "2020-05-10 04:54:50"}
{"batch_num": 500, "epoch": 0, "train_acc": 0.0614, "train_top_k_acc": 0.1764, "mean_train_loss": 4.4021, "test_acc": 0.0, "test_top_k_acc": 0.0312, "test_loss": 6.8649, "event": "Training update", "level": "debug", "timestamp": "2020-05-10 04:55:13"}
{"batch_num": 510, "epoch": 0, "train_acc": 0.0621, "train_top_k_acc": 0.1784, "mean_train_loss": 4.4195, "test_acc": 0.0312, "test_top_k_acc": 0.125, "test_loss": 5.7627, "event": "Training update", "level": "debug", "timestamp": "2020-05-10 04:55:35"}
{"batch_num": 520, "epoch": 0, "train_acc": 0.063, "train_top_k_acc": 0.1794, "mean_train_loss": 4.468, "test_acc": 0.0, "test_top_k_acc": 0.0, "test_loss": 7.2326, "event": "Training update", "level": "debug", "timestamp": "2020-05-10 04:55:58"}
{"batch_num": 530, "epoch": 0, "train_acc": 0.0637, "train_top_k_acc": 0.1809, "mean_train_loss": 4.294, "test_acc": 0.0, "test_top_k_acc": 0.0312, "test_loss": 6.9217, "event": "Training update", "level": "debug", "timestamp": "2020-05-10 04:56:21"}
{"batch_num": 540, "epoch": 0, "train_acc": 0.0638, "train_top_k_acc": 0.182, "mean_train_loss": 4.495, "test_acc": 0.0, "test_top_k_acc": 0.0, "test_loss": 7.3063, "event": "Training update", "level": "debug", "timestamp": "2020-05-10 04:56:43"}
{"batch_num": 550, "epoch": 0, "train_acc": 0.0644, "train_top_k_acc": 0.1839, "mean_train_loss": 4.4384, "test_acc": 0.0, "test_top_k_acc": 0.0, "test_loss": 6.2417, "event": "Training update", "level": "debug", "timestamp": "2020-05-10 04:57:06"}
{"batch_num": 560, "epoch": 0, "train_acc": 0.0647, "train_top_k_acc": 0.1853, "mean_train_loss": 4.3863, "test_acc": 0.0312, "test_top_k_acc": 0.0625, "test_loss": 6.114, "event": "Training update", "level": "debug", "timestamp": "2020-05-10 04:57:29"}
{"batch_num": 570, "epoch": 0, "train_acc": 0.0654, "train_top_k_acc": 0.1868, "mean_train_loss": 4.387, "test_acc": 0.0, "test_top_k_acc": 0.1562, "test_loss": 5.7875, "event": "Training update", "level": "debug", "timestamp": "2020-05-10 04:57:51"}
{"batch_num": 580, "epoch": 0, "train_acc": 0.0659, "train_top_k_acc": 0.1879, "mean_train_loss": 4.4509, "test_acc": 0.0, "test_top_k_acc": 0.0, "test_loss": 7.1228, "event": "Training update", "level": "debug", "timestamp": "2020-05-10 04:58:15"}
{"batch_num": 590, "epoch": 0, "train_acc": 0.0669, "train_top_k_acc": 0.1892, "mean_train_loss": 4.3747, "test_acc": 0.0312, "test_top_k_acc": 0.0625, "test_loss": 7.3011, "event": "Training update", "level": "debug", "timestamp": "2020-05-10 04:58:38"}
{"batch_num": 600, "epoch": 0, "train_acc": 0.0675, "train_top_k_acc": 0.1913, "mean_train_loss": 4.2619, "test_acc": 0.0312, "test_top_k_acc": 0.0625, "test_loss": 6.945, "event": "Training update", "level": "debug", "timestamp": "2020-05-10 04:59:01"}
{"batch_num": 610, "epoch": 0, "train_acc": 0.0678, "train_top_k_acc": 0.1928, "mean_train_loss": 4.3611, "test_acc": 0.0, "test_top_k_acc": 0.0, "test_loss": 7.1023, "event": "Training update", "level": "debug", "timestamp": "2020-05-10 04:59:23"}
{"batch_num": 620, "epoch": 0, "train_acc": 0.0681, "train_top_k_acc": 0.1943, "mean_train_loss": 4.4475, "test_acc": 0.0312, "test_top_k_acc": 0.1875, "test_loss": 5.7179, "event": "Training update", "level": "debug", "timestamp": "2020-05-10 04:59:46"}
{"batch_num": 630, "epoch": 0, "train_acc": 0.0686, "train_top_k_acc": 0.1959, "mean_train_loss": 4.3061, "test_acc": 0.0, "test_top_k_acc": 0.0312, "test_loss": 7.0892, "event": "Training update", "level": "debug", "timestamp": "2020-05-10 05:00:09"}
{"batch_num": 640, "epoch": 0, "train_acc": 0.0692, "train_top_k_acc": 0.1973, "mean_train_loss": 4.2821, "test_acc": 0.0, "test_top_k_acc": 0.0, "test_loss": 7.1594, "event": "Training update", "level": "debug", "timestamp": "2020-05-10 05:00:32"}
{"batch_num": 650, "epoch": 0, "train_acc": 0.0697, "train_top_k_acc": 0.1985, "mean_train_loss": 4.2796, "test_acc": 0.0, "test_top_k_acc": 0.0, "test_loss": 7.7738, "event": "Training update", "level": "debug", "timestamp": "2020-05-10 05:00:55"}
{"batch_num": 660, "epoch": 0, "train_acc": 0.0703, "train_top_k_acc": 0.1994, "mean_train_loss": 4.2705, "test_acc": 0.0312, "test_top_k_acc": 0.125, "test_loss": 5.805, "event": "Training update", "level": "debug", "timestamp": "2020-05-10 05:01:18"}
{"batch_num": 670, "epoch": 0, "train_acc": 0.0705, "train_top_k_acc": 0.2001, "mean_train_loss": 4.3986, "test_acc": 0.0, "test_top_k_acc": 0.0, "test_loss": 7.0516, "event": "Training update", "level": "debug", "timestamp": "2020-05-10 05:01:41"}
{"batch_num": 680, "epoch": 0, "train_acc": 0.0708, "train_top_k_acc": 0.2014, "mean_train_loss": 4.2757, "test_acc": 0.0, "test_top_k_acc": 0.0, "test_loss": 6.6411, "event": "Training update", "level": "debug", "timestamp": "2020-05-10 05:02:04"}
{"batch_num": 690, "epoch": 0, "train_acc": 0.0713, "train_top_k_acc": 0.2027, "mean_train_loss": 4.2679, "test_acc": 0.0, "test_top_k_acc": 0.0, "test_loss": 6.6108, "event": "Training update", "level": "debug", "timestamp": "2020-05-10 05:02:27"}
{"batch_num": 700, "epoch": 0, "train_acc": 0.0715, "train_top_k_acc": 0.2042, "mean_train_loss": 4.366, "test_acc": 0.0, "test_top_k_acc": 0.0312, "test_loss": 6.7886, "event": "Training update", "level": "debug", "timestamp": "2020-05-10 05:02:50"}
{"batch_num": 710, "epoch": 0, "train_acc": 0.0719, "train_top_k_acc": 0.2051, "mean_train_loss": 4.2876, "test_acc": 0.0, "test_top_k_acc": 0.0312, "test_loss": 6.7047, "event": "Training update", "level": "debug", "timestamp": "2020-05-10 05:03:12"}
{"batch_num": 720, "epoch": 0, "train_acc": 0.0723, "train_top_k_acc": 0.2058, "mean_train_loss": 4.3989, "test_acc": 0.0, "test_top_k_acc": 0.0, "test_loss": 7.299, "event": "Training update", "level": "debug", "timestamp": "2020-05-10 05:03:35"}
{"batch_num": 730, "epoch": 0, "train_acc": 0.0729, "train_top_k_acc": 0.2065, "mean_train_loss": 4.4166, "test_acc": 0.0, "test_top_k_acc": 0.0312, "test_loss": 6.1584, "event": "Training update", "level": "debug", "timestamp": "2020-05-10 05:03:58"}
{"batch_num": 740, "epoch": 0, "train_acc": 0.0736, "train_top_k_acc": 0.2076, "mean_train_loss": 4.2483, "test_acc": 0.0938, "test_top_k_acc": 0.125, "test_loss": 6.1733, "event": "Training update", "level": "debug", "timestamp": "2020-05-10 05:04:22"}
{"batch_num": 750, "epoch": 0, "train_acc": 0.0745, "train_top_k_acc": 0.2087, "mean_train_loss": 4.1657, "test_acc": 0.0312, "test_top_k_acc": 0.0625, "test_loss": 7.3022, "event": "Training update", "level": "debug", "timestamp": "2020-05-10 05:04:44"}
{"batch_num": 760, "epoch": 0, "train_acc": 0.0747, "train_top_k_acc": 0.2096, "mean_train_loss": 4.3431, "test_acc": 0.0, "test_top_k_acc": 0.0625, "test_loss": 7.6361, "event": "Training update", "level": "debug", "timestamp": "2020-05-10 05:05:07"}
{"batch_num": 770, "epoch": 0, "train_acc": 0.0752, "train_top_k_acc": 0.2107, "mean_train_loss": 4.2487, "test_acc": 0.0, "test_top_k_acc": 0.0312, "test_loss": 7.5922, "event": "Training update", "level": "debug", "timestamp": "2020-05-10 05:05:30"}
{"batch_num": 780, "epoch": 0, "train_acc": 0.0759, "train_top_k_acc": 0.2118, "mean_train_loss": 4.2872, "test_acc": 0.0, "test_top_k_acc": 0.0, "test_loss": 7.5928, "event": "Training update", "level": "debug", "timestamp": "2020-05-10 05:05:53"}
{"batch_num": 790, "epoch": 0, "train_acc": 0.0763, "train_top_k_acc": 0.2127, "mean_train_loss": 4.2376, "test_acc": 0.0, "test_top_k_acc": 0.0625, "test_loss": 7.0122, "event": "Training update", "level": "debug", "timestamp": "2020-05-10 05:06:16"}
{"batch_num": 800, "epoch": 0, "train_acc": 0.0765, "train_top_k_acc": 0.214, "mean_train_loss": 4.2334, "test_acc": 0.0312, "test_top_k_acc": 0.0938, "test_loss": 6.1179, "event": "Training update", "level": "debug", "timestamp": "2020-05-10 05:06:40"}
{"batch_num": 810, "epoch": 0, "train_acc": 0.0772, "train_top_k_acc": 0.2151, "mean_train_loss": 4.2088, "test_acc": 0.0, "test_top_k_acc": 0.0, "test_loss": 7.1811, "event": "Training update", "level": "debug", "timestamp": "2020-05-10 05:07:02"}
{"batch_num": 820, "epoch": 0, "train_acc": 0.0775, "train_top_k_acc": 0.2156, "mean_train_loss": 4.3669, "test_acc": 0.0312, "test_top_k_acc": 0.0312, "test_loss": 6.06, "event": "Training update", "level": "debug", "timestamp": "2020-05-10 05:07:25"}
{"batch_num": 830, "epoch": 0, "train_acc": 0.0781, "train_top_k_acc": 0.2167, "mean_train_loss": 4.2169, "test_acc": 0.0, "test_top_k_acc": 0.0625, "test_loss": 6.814, "event": "Training update", "level": "debug", "timestamp": "2020-05-10 05:07:48"}
{"batch_num": 840, "epoch": 0, "train_acc": 0.0786, "train_top_k_acc": 0.2177, "mean_train_loss": 4.3483, "test_acc": 0.0, "test_top_k_acc": 0.0, "test_loss": 7.0628, "event": "Training update", "level": "debug", "timestamp": "2020-05-10 05:08:10"}
{"batch_num": 850, "epoch": 0, "train_acc": 0.0788, "train_top_k_acc": 0.2187, "mean_train_loss": 4.283, "test_acc": 0.0625, "test_top_k_acc": 0.0625, "test_loss": 7.0518, "event": "Training update", "level": "debug", "timestamp": "2020-05-10 05:08:33"}
{"batch_num": 860, "epoch": 0, "train_acc": 0.0799, "train_top_k_acc": 0.2206, "mean_train_loss": 3.9554, "test_acc": 0.0, "test_top_k_acc": 0.0312, "test_loss": 7.1212, "event": "Training update", "level": "debug", "timestamp": "2020-05-10 05:08:56"}
{"batch_num": 870, "epoch": 0, "train_acc": 0.0805, "train_top_k_acc": 0.2216, "mean_train_loss": 4.3581, "test_acc": 0.0, "test_top_k_acc": 0.0, "test_loss": 7.0195, "event": "Training update", "level": "debug", "timestamp": "2020-05-10 05:09:19"}
{"batch_num": 880, "epoch": 0, "train_acc": 0.081, "train_top_k_acc": 0.2232, "mean_train_loss": 4.2038, "test_acc": 0.0, "test_top_k_acc": 0.0, "test_loss": 8.2567, "event": "Training update", "level": "debug", "timestamp": "2020-05-10 05:09:41"}
{"batch_num": 890, "epoch": 0, "train_acc": 0.0816, "train_top_k_acc": 0.2244, "mean_train_loss": 4.1025, "test_acc": 0.0625, "test_top_k_acc": 0.0625, "test_loss": 7.7177, "event": "Training update", "level": "debug", "timestamp": "2020-05-10 05:10:04"}
{"batch_num": 900, "epoch": 0, "train_acc": 0.0822, "train_top_k_acc": 0.2255, "mean_train_loss": 4.208, "test_acc": 0.0, "test_top_k_acc": 0.0, "test_loss": 8.2682, "event": "Training update", "level": "debug", "timestamp": "2020-05-10 05:10:27"}
{"batch_num": 910, "epoch": 0, "train_acc": 0.0828, "train_top_k_acc": 0.2268, "mean_train_loss": 4.1431, "test_acc": 0.0312, "test_top_k_acc": 0.0625, "test_loss": 6.6851, "event": "Training update", "level": "debug", "timestamp": "2020-05-10 05:10:50"}
{"batch_num": 920, "epoch": 0, "train_acc": 0.0836, "train_top_k_acc": 0.2284, "mean_train_loss": 4.1153, "test_acc": 0.0, "test_top_k_acc": 0.1875, "test_loss": 6.4534, "event": "Training update", "level": "debug", "timestamp": "2020-05-10 05:11:13"}
{"batch_num": 930, "epoch": 0, "train_acc": 0.0841, "train_top_k_acc": 0.2296, "mean_train_loss": 4.1225, "test_acc": 0.0, "test_top_k_acc": 0.0312, "test_loss": 7.573, "event": "Training update", "level": "debug", "timestamp": "2020-05-10 05:11:35"}
{"batch_num": 940, "epoch": 0, "train_acc": 0.0847, "train_top_k_acc": 0.2308, "mean_train_loss": 4.0682, "test_acc": 0.0, "test_top_k_acc": 0.0, "test_loss": 7.4175, "event": "Training update", "level": "debug", "timestamp": "2020-05-10 05:11:58"}
{"batch_num": 950, "epoch": 0, "train_acc": 0.0848, "train_top_k_acc": 0.2314, "mean_train_loss": 4.3238, "test_acc": 0.0, "test_top_k_acc": 0.0312, "test_loss": 7.365, "event": "Training update", "level": "debug", "timestamp": "2020-05-10 05:12:21"}
{"batch_num": 960, "epoch": 0, "train_acc": 0.0852, "train_top_k_acc": 0.2323, "mean_train_loss": 4.1179, "test_acc": 0.0, "test_top_k_acc": 0.0, "test_loss": 6.4002, "event": "Training update", "level": "debug", "timestamp": "2020-05-10 05:12:44"}
{"batch_num": 970, "epoch": 0, "train_acc": 0.0857, "train_top_k_acc": 0.2331, "mean_train_loss": 4.2071, "test_acc": 0.0, "test_top_k_acc": 0.0312, "test_loss": 7.591, "event": "Training update", "level": "debug", "timestamp": "2020-05-10 05:13:06"}
{"batch_num": 980, "epoch": 0, "train_acc": 0.0861, "train_top_k_acc": 0.2341, "mean_train_loss": 4.1782, "test_acc": 0.0, "test_top_k_acc": 0.0, "test_loss": 7.6635, "event": "Training update", "level": "debug", "timestamp": "2020-05-10 05:13:29"}
{"batch_num": 990, "epoch": 0, "train_acc": 0.0867, "train_top_k_acc": 0.2354, "mean_train_loss": 4.0626, "test_acc": 0.0, "test_top_k_acc": 0.0, "test_loss": 8.725, "event": "Training update", "level": "debug", "timestamp": "2020-05-10 05:13:52"}
{"batch_num": 1000, "epoch": 0, "train_acc": 0.0871, "train_top_k_acc": 0.2363, "mean_train_loss": 4.2, "test_acc": 0.0, "test_top_k_acc": 0.0625, "test_loss": 7.2854, "event": "Training update", "level": "debug", "timestamp": "2020-05-10 05:14:15"}
{"batch_num": 1010, "epoch": 0, "train_acc": 0.0873, "train_top_k_acc": 0.2367, "mean_train_loss": 4.2984, "test_acc": 0.0, "test_top_k_acc": 0.0, "test_loss": 6.4913, "event": "Training update", "level": "debug", "timestamp": "2020-05-10 05:14:38"}
{"batch_num": 1020, "epoch": 0, "train_acc": 0.0878, "train_top_k_acc": 0.2374, "mean_train_loss": 4.1621, "test_acc": 0.0, "test_top_k_acc": 0.0, "test_loss": 7.545, "event": "Training update", "level": "debug", "timestamp": "2020-05-10 05:15:00"}
{"batch_num": 1030, "epoch": 0, "train_acc": 0.0884, "train_top_k_acc": 0.2387, "mean_train_loss": 3.9167, "test_acc": 0.0312, "test_top_k_acc": 0.0625, "test_loss": 6.4011, "event": "Training update", "level": "debug", "timestamp": "2020-05-10 05:15:23"}
{"batch_num": 1040, "epoch": 0, "train_acc": 0.0891, "train_top_k_acc": 0.2399, "mean_train_loss": 3.9877, "test_acc": 0.0, "test_top_k_acc": 0.0, "test_loss": 7.9146, "event": "Training update", "level": "debug", "timestamp": "2020-05-10 05:15:46"}
{"batch_num": 1050, "epoch": 0, "train_acc": 0.0897, "train_top_k_acc": 0.2414, "mean_train_loss": 3.9821, "test_acc": 0.0, "test_top_k_acc": 0.0, "test_loss": 7.5846, "event": "Training update", "level": "debug", "timestamp": "2020-05-10 05:16:09"}
{"batch_num": 1060, "epoch": 0, "train_acc": 0.0906, "train_top_k_acc": 0.2427, "mean_train_loss": 4.0155, "test_acc": 0.0, "test_top_k_acc": 0.0625, "test_loss": 6.1083, "event": "Training update", "level": "debug", "timestamp": "2020-05-10 05:16:32"}
{"batch_num": 1070, "epoch": 0, "train_acc": 0.091, "train_top_k_acc": 0.2436, "mean_train_loss": 4.0401, "test_acc": 0.0, "test_top_k_acc": 0.0312, "test_loss": 8.0571, "event": "Training update", "level": "debug", "timestamp": "2020-05-10 05:16:54"}
{"batch_num": 1080, "epoch": 0, "train_acc": 0.0914, "train_top_k_acc": 0.244, "mean_train_loss": 4.1846, "test_acc": 0.0312, "test_top_k_acc": 0.0312, "test_loss": 6.7686, "event": "Training update", "level": "debug", "timestamp": "2020-05-10 05:17:17"}
{"batch_num": 1090, "epoch": 0, "train_acc": 0.0918, "train_top_k_acc": 0.2449, "mean_train_loss": 4.2259, "test_acc": 0.0, "test_top_k_acc": 0.0312, "test_loss": 6.6852, "event": "Training update", "level": "debug", "timestamp": "2020-05-10 05:17:40"}
{"batch_num": 1100, "epoch": 0, "train_acc": 0.0922, "train_top_k_acc": 0.2455, "mean_train_loss": 4.1652, "test_acc": 0.0, "test_top_k_acc": 0.0, "test_loss": 6.8381, "event": "Training update", "level": "debug", "timestamp": "2020-05-10 05:18:03"}
{"batch_num": 1110, "epoch": 0, "train_acc": 0.0927, "train_top_k_acc": 0.2468, "mean_train_loss": 3.9519, "test_acc": 0.0, "test_top_k_acc": 0.0312, "test_loss": 8.7255, "event": "Training update", "level": "debug", "timestamp": "2020-05-10 05:18:26"}
{"batch_num": 1120, "epoch": 0, "train_acc": 0.0932, "train_top_k_acc": 0.2478, "mean_train_loss": 4.0847, "test_acc": 0.0312, "test_top_k_acc": 0.0312, "test_loss": 7.9591, "event": "Training update", "level": "debug", "timestamp": "2020-05-10 05:18:49"}
{"batch_num": 1130, "epoch": 0, "train_acc": 0.094, "train_top_k_acc": 0.2493, "mean_train_loss": 3.7582, "test_acc": 0.0, "test_top_k_acc": 0.0, "test_loss": 7.5237, "event": "Training update", "level": "debug", "timestamp": "2020-05-10 05:19:11"}
{"batch_num": 1140, "epoch": 0, "train_acc": 0.0946, "train_top_k_acc": 0.2502, "mean_train_loss": 4.0147, "test_acc": 0.0, "test_top_k_acc": 0.0, "test_loss": 7.9777, "event": "Training update", "level": "debug", "timestamp": "2020-05-10 05:19:34"}
{"batch_num": 1150, "epoch": 0, "train_acc": 0.095, "train_top_k_acc": 0.2508, "mean_train_loss": 4.0909, "test_acc": 0.0312, "test_top_k_acc": 0.0312, "test_loss": 7.4293, "event": "Training update", "level": "debug", "timestamp": "2020-05-10 05:19:57"}
{"batch_num": 1160, "epoch": 0, "train_acc": 0.0955, "train_top_k_acc": 0.2517, "mean_train_loss": 4.0784, "test_acc": 0.0, "test_top_k_acc": 0.0, "test_loss": 7.2599, "event": "Training update", "level": "debug", "timestamp": "2020-05-10 05:20:19"}
{"batch_num": 1170, "epoch": 0, "train_acc": 0.096, "train_top_k_acc": 0.2526, "mean_train_loss": 4.0111, "test_acc": 0.0, "test_top_k_acc": 0.0938, "test_loss": 6.6176, "event": "Training update", "level": "debug", "timestamp": "2020-05-10 05:20:42"}
{"batch_num": 1180, "epoch": 0, "train_acc": 0.0964, "train_top_k_acc": 0.2532, "mean_train_loss": 4.1028, "test_acc": 0.0, "test_top_k_acc": 0.0, "test_loss": 7.1172, "event": "Training update", "level": "debug", "timestamp": "2020-05-10 05:21:05"}
{"batch_num": 1190, "epoch": 0, "train_acc": 0.0969, "train_top_k_acc": 0.2544, "mean_train_loss": 3.935, "test_acc": 0.0312, "test_top_k_acc": 0.0312, "test_loss": 7.7547, "event": "Training update", "level": "debug", "timestamp": "2020-05-10 05:21:29"}
{"batch_num": 1200, "epoch": 0, "train_acc": 0.0975, "train_top_k_acc": 0.2552, "mean_train_loss": 4.0883, "test_acc": 0.0312, "test_top_k_acc": 0.0625, "test_loss": 8.1362, "event": "Training update", "level": "debug", "timestamp": "2020-05-10 05:21:51"}
{"batch_num": 1210, "epoch": 0, "train_acc": 0.0981, "train_top_k_acc": 0.2563, "mean_train_loss": 3.9308, "test_acc": 0.0, "test_top_k_acc": 0.0312, "test_loss": 6.751, "event": "Training update", "level": "debug", "timestamp": "2020-05-10 05:22:14"}
{"batch_num": 1220, "epoch": 0, "train_acc": 0.0985, "train_top_k_acc": 0.2569, "mean_train_loss": 4.0961, "test_acc": 0.0, "test_top_k_acc": 0.0, "test_loss": 7.3939, "event": "Training update", "level": "debug", "timestamp": "2020-05-10 05:22:37"}
{"batch_num": 1230, "epoch": 0, "train_acc": 0.0991, "train_top_k_acc": 0.2576, "mean_train_loss": 3.9877, "test_acc": 0.0, "test_top_k_acc": 0.0312, "test_loss": 7.9741, "event": "Training update", "level": "debug", "timestamp": "2020-05-10 05:23:00"}
{"batch_num": 1240, "epoch": 0, "train_acc": 0.0998, "train_top_k_acc": 0.2589, "mean_train_loss": 3.8243, "test_acc": 0.0, "test_top_k_acc": 0.0, "test_loss": 7.8527, "event": "Training update", "level": "debug", "timestamp": "2020-05-10 05:23:22"}
{"batch_num": 1250, "epoch": 0, "train_acc": 0.1002, "train_top_k_acc": 0.2598, "mean_train_loss": 4.007, "test_acc": 0.0, "test_top_k_acc": 0.0625, "test_loss": 7.1601, "event": "Training update", "level": "debug", "timestamp": "2020-05-10 05:23:45"}
{"batch_num": 1260, "epoch": 0, "train_acc": 0.1006, "train_top_k_acc": 0.2605, "mean_train_loss": 4.0329, "test_acc": 0.0, "test_top_k_acc": 0.0, "test_loss": 7.262, "event": "Training update", "level": "debug", "timestamp": "2020-05-10 05:24:08"}
{"batch_num": 1270, "epoch": 0, "train_acc": 0.1009, "train_top_k_acc": 0.2613, "mean_train_loss": 3.9511, "test_acc": 0.0, "test_top_k_acc": 0.0, "test_loss": 7.27, "event": "Training update", "level": "debug", "timestamp": "2020-05-10 05:24:32"}
{"batch_num": 1280, "epoch": 0, "train_acc": 0.1014, "train_top_k_acc": 0.2621, "mean_train_loss": 4.0198, "test_acc": 0.0, "test_top_k_acc": 0.0, "test_loss": 8.1056, "event": "Training update", "level": "debug", "timestamp": "2020-05-10 05:24:55"}
{"batch_num": 1290, "epoch": 0, "train_acc": 0.1015, "train_top_k_acc": 0.2625, "mean_train_loss": 4.2056, "test_acc": 0.0, "test_top_k_acc": 0.0, "test_loss": 7.9194, "event": "Training update", "level": "debug", "timestamp": "2020-05-10 05:25:17"}
{"batch_num": 1300, "epoch": 0, "train_acc": 0.1019, "train_top_k_acc": 0.2633, "mean_train_loss": 4.0535, "test_acc": 0.0, "test_top_k_acc": 0.0312, "test_loss": 7.3307, "event": "Training update", "level": "debug", "timestamp": "2020-05-10 05:25:40"}
{"batch_num": 1310, "epoch": 0, "train_acc": 0.1022, "train_top_k_acc": 0.2637, "mean_train_loss": 4.2679, "test_acc": 0.0, "test_top_k_acc": 0.0, "test_loss": 7.2944, "event": "Training update", "level": "debug", "timestamp": "2020-05-10 05:26:03"}
{"batch_num": 1320, "epoch": 0, "train_acc": 0.1025, "train_top_k_acc": 0.2643, "mean_train_loss": 4.0474, "test_acc": 0.0, "test_top_k_acc": 0.0312, "test_loss": 7.6957, "event": "Training update", "level": "debug", "timestamp": "2020-05-10 05:26:26"}
{"batch_num": 1330, "epoch": 0, "train_acc": 0.1031, "train_top_k_acc": 0.2652, "mean_train_loss": 3.9438, "test_acc": 0.0, "test_top_k_acc": 0.0312, "test_loss": 7.1848, "event": "Training update", "level": "debug", "timestamp": "2020-05-10 05:26:50"}
{"batch_num": 1340, "epoch": 0, "train_acc": 0.1035, "train_top_k_acc": 0.266, "mean_train_loss": 4.0237, "test_acc": 0.0, "test_top_k_acc": 0.0, "test_loss": 7.358, "event": "Training update", "level": "debug", "timestamp": "2020-05-10 05:27:13"}
{"batch_num": 1350, "epoch": 0, "train_acc": 0.1038, "train_top_k_acc": 0.2666, "mean_train_loss": 4.0753, "test_acc": 0.0, "test_top_k_acc": 0.0938, "test_loss": 6.3026, "event": "Training update", "level": "debug", "timestamp": "2020-05-10 05:27:35"}
{"batch_num": 1360, "epoch": 0, "train_acc": 0.1041, "train_top_k_acc": 0.2673, "mean_train_loss": 4.062, "test_acc": 0.0, "test_top_k_acc": 0.0, "test_loss": 7.7445, "event": "Training update", "level": "debug", "timestamp": "2020-05-10 05:27:58"}
{"batch_num": 1370, "epoch": 0, "train_acc": 0.1046, "train_top_k_acc": 0.2683, "mean_train_loss": 3.8484, "test_acc": 0.0312, "test_top_k_acc": 0.0625, "test_loss": 7.2177, "event": "Training update", "level": "debug", "timestamp": "2020-05-10 05:28:21"}
{"batch_num": 1380, "epoch": 0, "train_acc": 0.105, "train_top_k_acc": 0.2691, "mean_train_loss": 3.9979, "test_acc": 0.0, "test_top_k_acc": 0.0, "test_loss": 7.8155, "event": "Training update", "level": "debug", "timestamp": "2020-05-10 05:28:44"}
{"batch_num": 1390, "epoch": 0, "train_acc": 0.1056, "train_top_k_acc": 0.2701, "mean_train_loss": 3.8078, "test_acc": 0.0312, "test_top_k_acc": 0.0312, "test_loss": 7.9272, "event": "Training update", "level": "debug", "timestamp": "2020-05-10 05:29:06"}
{"batch_num": 1400, "epoch": 0, "train_acc": 0.1056, "train_top_k_acc": 0.2704, "mean_train_loss": 4.0887, "test_acc": 0.0, "test_top_k_acc": 0.0, "test_loss": 8.0216, "event": "Training update", "level": "debug", "timestamp": "2020-05-10 05:29:29"}
{"batch_num": 1410, "epoch": 0, "train_acc": 0.1061, "train_top_k_acc": 0.2711, "mean_train_loss": 4.061, "test_acc": 0.0, "test_top_k_acc": 0.0, "test_loss": 8.1491, "event": "Training update", "level": "debug", "timestamp": "2020-05-10 05:29:52"}
{"batch_num": 1420, "epoch": 0, "train_acc": 0.1062, "train_top_k_acc": 0.2715, "mean_train_loss": 4.1532, "test_acc": 0.0, "test_top_k_acc": 0.0, "test_loss": 7.2932, "event": "Training update", "level": "debug", "timestamp": "2020-05-10 05:30:15"}
{"batch_num": 1430, "epoch": 0, "train_acc": 0.1067, "train_top_k_acc": 0.2723, "mean_train_loss": 3.9775, "test_acc": 0.0, "test_top_k_acc": 0.0312, "test_loss": 8.29, "event": "Training update", "level": "debug", "timestamp": "2020-05-10 05:30:38"}
{"batch_num": 1440, "epoch": 0, "train_acc": 0.1072, "train_top_k_acc": 0.2731, "mean_train_loss": 3.9648, "test_acc": 0.0, "test_top_k_acc": 0.0, "test_loss": 8.2143, "event": "Training update", "level": "debug", "timestamp": "2020-05-10 05:31:00"}
{"batch_num": 1450, "epoch": 0, "train_acc": 0.1074, "train_top_k_acc": 0.2736, "mean_train_loss": 4.0202, "test_acc": 0.0, "test_top_k_acc": 0.0312, "test_loss": 5.7952, "event": "Training update", "level": "debug", "timestamp": "2020-05-10 05:31:23"}
{"batch_num": 1460, "epoch": 0, "train_acc": 0.1077, "train_top_k_acc": 0.2741, "mean_train_loss": 4.0345, "test_acc": 0.0625, "test_top_k_acc": 0.0938, "test_loss": 7.8009, "event": "Training update", "level": "debug", "timestamp": "2020-05-10 05:31:46"}
{"batch_num": 1470, "epoch": 0, "train_acc": 0.1078, "train_top_k_acc": 0.2743, "mean_train_loss": 4.2157, "test_acc": 0.0, "test_top_k_acc": 0.0312, "test_loss": 7.2539, "event": "Training update", "level": "debug", "timestamp": "2020-05-10 05:32:09"}
{"batch_num": 1480, "epoch": 0, "train_acc": 0.1079, "train_top_k_acc": 0.2746, "mean_train_loss": 4.182, "test_acc": 0.0, "test_top_k_acc": 0.0, "test_loss": 8.6716, "event": "Training update", "level": "debug", "timestamp": "2020-05-10 05:32:32"}
{"batch_num": 1490, "epoch": 0, "train_acc": 0.1081, "train_top_k_acc": 0.2753, "mean_train_loss": 3.9742, "test_acc": 0.0, "test_top_k_acc": 0.0, "test_loss": 8.2901, "event": "Training update", "level": "debug", "timestamp": "2020-05-10 05:32:55"}
{"batch_num": 1500, "epoch": 0, "train_acc": 0.1085, "train_top_k_acc": 0.276, "mean_train_loss": 3.8597, "test_acc": 0.0, "test_top_k_acc": 0.0, "test_loss": 7.1318, "event": "Training update", "level": "debug", "timestamp": "2020-05-10 05:33:18"}
{"batch_num": 1510, "epoch": 0, "train_acc": 0.1088, "train_top_k_acc": 0.2767, "mean_train_loss": 3.9638, "test_acc": 0.0, "test_top_k_acc": 0.0312, "test_loss": 8.362, "event": "Training update", "level": "debug", "timestamp": "2020-05-10 05:33:40"}
{"batch_num": 1520, "epoch": 0, "train_acc": 0.1094, "train_top_k_acc": 0.2776, "mean_train_loss": 3.7139, "test_acc": 0.0, "test_top_k_acc": 0.0, "test_loss": 7.929, "event": "Training update", "level": "debug", "timestamp": "2020-05-10 05:34:03"}
{"batch_num": 1530, "epoch": 0, "train_acc": 0.1097, "train_top_k_acc": 0.2781, "mean_train_loss": 3.9506, "test_acc": 0.0312, "test_top_k_acc": 0.0625, "test_loss": 6.5709, "event": "Training update", "level": "debug", "timestamp": "2020-05-10 05:34:26"}
{"batch_num": 1540, "epoch": 0, "train_acc": 0.1099, "train_top_k_acc": 0.2786, "mean_train_loss": 4.0377, "test_acc": 0.0, "test_top_k_acc": 0.0625, "test_loss": 6.2778, "event": "Training update", "level": "debug", "timestamp": "2020-05-10 05:34:49"}
{"batch_num": 1550, "epoch": 0, "train_acc": 0.1104, "train_top_k_acc": 0.2793, "mean_train_loss": 3.8285, "test_acc": 0.0, "test_top_k_acc": 0.0, "test_loss": 7.2711, "event": "Training update", "level": "debug", "timestamp": "2020-05-10 05:35:15"}
{"batch_num": 1560, "epoch": 0, "train_acc": 0.1106, "train_top_k_acc": 0.2797, "mean_train_loss": 4.0172, "test_acc": 0.0, "test_top_k_acc": 0.0625, "test_loss": 6.9795, "event": "Training update", "level": "debug", "timestamp": "2020-05-10 05:35:39"}
{"batch_num": 1570, "epoch": 0, "train_acc": 0.1108, "train_top_k_acc": 0.2805, "mean_train_loss": 3.8813, "test_acc": 0.0312, "test_top_k_acc": 0.0625, "test_loss": 7.4771, "event": "Training update", "level": "debug", "timestamp": "2020-05-10 05:36:08"}
{"batch_num": 1580, "epoch": 0, "train_acc": 0.1111, "train_top_k_acc": 0.2811, "mean_train_loss": 3.9438, "test_acc": 0.0, "test_top_k_acc": 0.0312, "test_loss": 9.2925, "event": "Training update", "level": "debug", "timestamp": "2020-05-10 05:36:31"}
{"batch_num": 1590, "epoch": 0, "train_acc": 0.1114, "train_top_k_acc": 0.2819, "mean_train_loss": 3.8908, "test_acc": 0.0, "test_top_k_acc": 0.0625, "test_loss": 7.0553, "event": "Training update", "level": "debug", "timestamp": "2020-05-10 05:36:54"}
{"batch_num": 1600, "epoch": 0, "train_acc": 0.1116, "train_top_k_acc": 0.2825, "mean_train_loss": 4.0367, "test_acc": 0.0312, "test_top_k_acc": 0.0625, "test_loss": 6.7906, "event": "Training update", "level": "debug", "timestamp": "2020-05-10 05:37:18"}
{"batch_num": 1610, "epoch": 0, "train_acc": 0.1118, "train_top_k_acc": 0.2828, "mean_train_loss": 3.9907, "test_acc": 0.0, "test_top_k_acc": 0.0, "test_loss": 7.3817, "event": "Training update", "level": "debug", "timestamp": "2020-05-10 05:37:42"}
{"batch_num": 1620, "epoch": 0, "train_acc": 0.1119, "train_top_k_acc": 0.283, "mean_train_loss": 4.0327, "test_acc": 0.0, "test_top_k_acc": 0.0625, "test_loss": 7.4528, "event": "Training update", "level": "debug", "timestamp": "2020-05-10 05:38:08"}
{"batch_num": 1630, "epoch": 0, "train_acc": 0.1124, "train_top_k_acc": 0.2838, "mean_train_loss": 3.7352, "test_acc": 0.0, "test_top_k_acc": 0.0, "test_loss": 8.1406, "event": "Training update", "level": "debug", "timestamp": "2020-05-10 05:38:32"}
{"event": "Dumped parameters", "level": "warning", "timestamp": "2020-05-10 05:38:53"}
{"event": "Stopped training", "level": "debug", "timestamp": "2020-05-10 05:38:53"}
