{"options": {"model": "resnet", "log": null, "params": "params/resnet-2020-05-10-044708.pt", "dataset": "data/tiny-imagenet-200", "print_every": 200, "lr": 0.0002, "lr_decay": 0.95, "weight_decay": 0.001, "batch_size": 32, "max_epochs": 10, "train": "resnet-2020-05-10-044708"}, "event": "Started training", "level": "debug", "timestamp": "2020-05-10 11:47:08"}
{"labels": 200, "num_train": 100000, "num_val": 10000, "num_test": 10000, "event": "Loaded datasets", "level": "debug", "timestamp": "2020-05-10 11:47:08"}
{"is_available": false, "event": "CUDA status", "level": "debug", "timestamp": "2020-05-10 11:47:08"}
{"event": "Initialized model", "level": "debug", "timestamp": "2020-05-10 11:47:09"}
{"event": "Initialized loss and optimizer", "level": "debug", "timestamp": "2020-05-10 11:47:09"}
{"batch_num": 200, "epoch": 0, "train_acc": 0.0073, "train_top_k_acc": 0.0362, "train_loss": 26.713, "test_acc": 0.2812, "test_top_k_acc": 0.8562, "test_loss": 2.955, "event": "Training update", "level": "debug", "timestamp": "2020-05-10 11:54:33"}
{"batch_num": 400, "epoch": 0, "train_acc": 0.0186, "train_top_k_acc": 0.0778, "train_loss": 6.2233, "test_acc": 0.0, "test_top_k_acc": 0.0, "test_loss": 9.7407, "event": "Training update", "level": "debug", "timestamp": "2020-05-10 12:01:17"}
{"batch_num": 600, "epoch": 0, "train_acc": 0.0328, "train_top_k_acc": 0.1061, "train_loss": 5.9452, "test_acc": 0.0125, "test_top_k_acc": 0.0688, "test_loss": 5.0005, "event": "Training update", "level": "debug", "timestamp": "2020-05-10 12:08:24"}
{"batch_num": 800, "epoch": 0, "train_acc": 0.0537, "train_top_k_acc": 0.1534, "train_loss": 5.1743, "test_acc": 0.0125, "test_top_k_acc": 0.0625, "test_loss": 5.7454, "event": "Training update", "level": "debug", "timestamp": "2020-05-10 12:15:45"}
{"batch_num": 1000, "epoch": 0, "train_acc": 0.0648, "train_top_k_acc": 0.1859, "train_loss": 4.8563, "test_acc": 0.0, "test_top_k_acc": 0.0, "test_loss": 8.3422, "event": "Training update", "level": "debug", "timestamp": "2020-05-10 12:22:58"}
{"batch_num": 1200, "epoch": 0, "train_acc": 0.0783, "train_top_k_acc": 0.2147, "train_loss": 4.6602, "test_acc": 0.0, "test_top_k_acc": 0.0063, "test_loss": 7.3709, "event": "Training update", "level": "debug", "timestamp": "2020-05-10 12:30:15"}
{"batch_num": 1400, "epoch": 0, "train_acc": 0.093, "train_top_k_acc": 0.2437, "train_loss": 4.5401, "test_acc": 0.0, "test_top_k_acc": 0.0312, "test_loss": 6.2995, "event": "Training update", "level": "debug", "timestamp": "2020-05-10 12:37:28"}
{"batch_num": 1600, "epoch": 0, "train_acc": 0.0988, "train_top_k_acc": 0.258, "train_loss": 4.4573, "test_acc": 0.0, "test_top_k_acc": 0.0, "test_loss": 7.1467, "event": "Training update", "level": "debug", "timestamp": "2020-05-10 12:44:41"}
{"batch_num": 1800, "epoch": 0, "train_acc": 0.103, "train_top_k_acc": 0.267, "train_loss": 4.401, "test_acc": 0.0063, "test_top_k_acc": 0.0312, "test_loss": 6.5171, "event": "Training update", "level": "debug", "timestamp": "2020-05-10 12:51:56"}
{"batch_num": 2000, "epoch": 0, "train_acc": 0.1177, "train_top_k_acc": 0.2855, "train_loss": 4.3311, "test_acc": 0.0063, "test_top_k_acc": 0.0125, "test_loss": 7.4488, "event": "Training update", "level": "debug", "timestamp": "2020-05-10 12:59:08"}
{"batch_num": 2200, "epoch": 0, "train_acc": 0.1125, "train_top_k_acc": 0.2911, "train_loss": 4.2954, "test_acc": 0.0, "test_top_k_acc": 0.0063, "test_loss": 7.0412, "event": "Training update", "level": "debug", "timestamp": "2020-05-10 13:06:23"}
{"batch_num": 2400, "epoch": 0, "train_acc": 0.1252, "train_top_k_acc": 0.3061, "train_loss": 4.2469, "test_acc": 0.0, "test_top_k_acc": 0.0, "test_loss": 7.652, "event": "Training update", "level": "debug", "timestamp": "2020-05-10 13:13:37"}
{"batch_num": 2600, "epoch": 0, "train_acc": 0.1322, "train_top_k_acc": 0.3244, "train_loss": 4.1752, "test_acc": 0.0, "test_top_k_acc": 0.025, "test_loss": 6.8171, "event": "Training update", "level": "debug", "timestamp": "2020-05-10 13:20:51"}
{"batch_num": 2800, "epoch": 0, "train_acc": 0.14, "train_top_k_acc": 0.3325, "train_loss": 4.123, "test_acc": 0.0063, "test_top_k_acc": 0.025, "test_loss": 6.7611, "event": "Training update", "level": "debug", "timestamp": "2020-05-10 13:28:08"}
{"batch_num": 3000, "epoch": 0, "train_acc": 0.1445, "train_top_k_acc": 0.3488, "train_loss": 4.0908, "test_acc": 0.0, "test_top_k_acc": 0.0, "test_loss": 8.4283, "event": "Training update", "level": "debug", "timestamp": "2020-05-10 13:35:21"}
{"event": "Epoch complete, saved model state", "level": "info", "timestamp": "2020-05-10 13:39:53"}
{"batch_num": 200, "epoch": 1, "train_acc": 0.205, "train_top_k_acc": 0.4461, "train_loss": 3.6446, "test_acc": 0.0, "test_top_k_acc": 0.0063, "test_loss": 8.2684, "event": "Training update", "level": "debug", "timestamp": "2020-05-10 13:47:03"}
{"batch_num": 400, "epoch": 1, "train_acc": 0.2016, "train_top_k_acc": 0.4331, "train_loss": 3.7125, "test_acc": 0.0, "test_top_k_acc": 0.0125, "test_loss": 7.5848, "event": "Training update", "level": "debug", "timestamp": "2020-05-10 13:54:11"}
{"batch_num": 600, "epoch": 1, "train_acc": 0.1944, "train_top_k_acc": 0.4342, "train_loss": 3.6957, "test_acc": 0.0, "test_top_k_acc": 0.0063, "test_loss": 8.8705, "event": "Training update", "level": "debug", "timestamp": "2020-05-10 14:01:21"}
{"batch_num": 800, "epoch": 1, "train_acc": 0.1867, "train_top_k_acc": 0.4181, "train_loss": 3.752, "test_acc": 0.0, "test_top_k_acc": 0.0, "test_loss": 8.1848, "event": "Training update", "level": "debug", "timestamp": "2020-05-10 14:08:32"}
{"batch_num": 1000, "epoch": 1, "train_acc": 0.1902, "train_top_k_acc": 0.4269, "train_loss": 3.7277, "test_acc": 0.0, "test_top_k_acc": 0.0, "test_loss": 8.2319, "event": "Training update", "level": "debug", "timestamp": "2020-05-10 14:15:43"}
{"batch_num": 1200, "epoch": 1, "train_acc": 0.1933, "train_top_k_acc": 0.4184, "train_loss": 3.7446, "test_acc": 0.0, "test_top_k_acc": 0.0, "test_loss": 7.6854, "event": "Training update", "level": "debug", "timestamp": "2020-05-10 14:22:52"}
{"batch_num": 1400, "epoch": 1, "train_acc": 0.1981, "train_top_k_acc": 0.4266, "train_loss": 3.7121, "test_acc": 0.0, "test_top_k_acc": 0.0, "test_loss": 14.3491, "event": "Training update", "level": "debug", "timestamp": "2020-05-10 14:30:04"}
{"batch_num": 1600, "epoch": 1, "train_acc": 0.1936, "train_top_k_acc": 0.4253, "train_loss": 3.7126, "test_acc": 0.0, "test_top_k_acc": 0.025, "test_loss": 6.3268, "event": "Training update", "level": "debug", "timestamp": "2020-05-10 14:37:14"}
{"batch_num": 1800, "epoch": 1, "train_acc": 0.1973, "train_top_k_acc": 0.4305, "train_loss": 3.6963, "test_acc": 0.0, "test_top_k_acc": 0.0125, "test_loss": 6.3738, "event": "Training update", "level": "debug", "timestamp": "2020-05-10 14:44:25"}
{"batch_num": 2000, "epoch": 1, "train_acc": 0.1891, "train_top_k_acc": 0.4261, "train_loss": 3.7048, "test_acc": 0.0, "test_top_k_acc": 0.0, "test_loss": 8.2693, "event": "Training update", "level": "debug", "timestamp": "2020-05-10 14:51:35"}
{"batch_num": 2200, "epoch": 1, "train_acc": 0.1936, "train_top_k_acc": 0.4381, "train_loss": 3.6802, "test_acc": 0.0063, "test_top_k_acc": 0.0125, "test_loss": 9.2496, "event": "Training update", "level": "debug", "timestamp": "2020-05-10 14:58:45"}
{"batch_num": 2400, "epoch": 1, "train_acc": 0.207, "train_top_k_acc": 0.443, "train_loss": 3.6492, "test_acc": 0.0312, "test_top_k_acc": 0.0437, "test_loss": 7.3769, "event": "Training update", "level": "debug", "timestamp": "2020-05-10 15:05:54"}
{"batch_num": 2600, "epoch": 1, "train_acc": 0.2066, "train_top_k_acc": 0.4355, "train_loss": 3.6573, "test_acc": 0.0, "test_top_k_acc": 0.0, "test_loss": 7.3063, "event": "Training update", "level": "debug", "timestamp": "2020-05-10 15:13:05"}
{"batch_num": 2800, "epoch": 1, "train_acc": 0.1797, "train_top_k_acc": 0.4153, "train_loss": 3.8174, "test_acc": 0.0, "test_top_k_acc": 0.0063, "test_loss": 7.6294, "event": "Training update", "level": "debug", "timestamp": "2020-05-10 15:20:15"}
{"batch_num": 3000, "epoch": 1, "train_acc": 0.2, "train_top_k_acc": 0.4248, "train_loss": 3.7267, "test_acc": 0.0, "test_top_k_acc": 0.0, "test_loss": 10.2933, "event": "Training update", "level": "debug", "timestamp": "2020-05-10 15:27:25"}
{"event": "Epoch complete, saved model state", "level": "info", "timestamp": "2020-05-10 15:31:53"}
{"batch_num": 200, "epoch": 2, "train_acc": 0.3172, "train_top_k_acc": 0.5837, "train_loss": 3.0209, "test_acc": 0.0, "test_top_k_acc": 0.0125, "test_loss": 7.6906, "event": "Training update", "level": "debug", "timestamp": "2020-05-10 15:39:03"}
{"batch_num": 400, "epoch": 2, "train_acc": 0.2898, "train_top_k_acc": 0.5536, "train_loss": 3.1324, "test_acc": 0.0, "test_top_k_acc": 0.0, "test_loss": 11.849, "event": "Training update", "level": "debug", "timestamp": "2020-05-10 15:46:13"}
{"batch_num": 600, "epoch": 2, "train_acc": 0.2744, "train_top_k_acc": 0.5275, "train_loss": 3.2459, "test_acc": 0.0, "test_top_k_acc": 0.0063, "test_loss": 7.0875, "event": "Training update", "level": "debug", "timestamp": "2020-05-10 15:53:23"}
{"batch_num": 800, "epoch": 2, "train_acc": 0.2742, "train_top_k_acc": 0.5262, "train_loss": 3.2625, "test_acc": 0.0, "test_top_k_acc": 0.0, "test_loss": 12.158, "event": "Training update", "level": "debug", "timestamp": "2020-05-10 16:00:32"}
{"batch_num": 1000, "epoch": 2, "train_acc": 0.2566, "train_top_k_acc": 0.5244, "train_loss": 3.2637, "test_acc": 0.0, "test_top_k_acc": 0.0, "test_loss": 7.4767, "event": "Training update", "level": "debug", "timestamp": "2020-05-10 16:07:41"}
{"batch_num": 1200, "epoch": 2, "train_acc": 0.238, "train_top_k_acc": 0.4963, "train_loss": 3.412, "test_acc": 0.0, "test_top_k_acc": 0.0063, "test_loss": 7.1047, "event": "Training update", "level": "debug", "timestamp": "2020-05-10 16:14:52"}
{"batch_num": 1400, "epoch": 2, "train_acc": 0.2542, "train_top_k_acc": 0.5017, "train_loss": 3.3804, "test_acc": 0.0, "test_top_k_acc": 0.0125, "test_loss": 7.7672, "event": "Training update", "level": "debug", "timestamp": "2020-05-10 16:22:02"}
{"batch_num": 1600, "epoch": 2, "train_acc": 0.2408, "train_top_k_acc": 0.4963, "train_loss": 3.4081, "test_acc": 0.0, "test_top_k_acc": 0.0, "test_loss": 10.1288, "event": "Training update", "level": "debug", "timestamp": "2020-05-10 16:29:14"}
{"batch_num": 1800, "epoch": 2, "train_acc": 0.2391, "train_top_k_acc": 0.4958, "train_loss": 3.4193, "test_acc": 0.0063, "test_top_k_acc": 0.0125, "test_loss": 8.7086, "event": "Training update", "level": "debug", "timestamp": "2020-05-10 16:36:24"}
{"batch_num": 2000, "epoch": 2, "train_acc": 0.2448, "train_top_k_acc": 0.4888, "train_loss": 3.4132, "test_acc": 0.0063, "test_top_k_acc": 0.0063, "test_loss": 8.771, "event": "Training update", "level": "debug", "timestamp": "2020-05-10 16:43:34"}
{"batch_num": 2200, "epoch": 2, "train_acc": 0.233, "train_top_k_acc": 0.4864, "train_loss": 3.4528, "test_acc": 0.0, "test_top_k_acc": 0.0, "test_loss": 8.2513, "event": "Training update", "level": "debug", "timestamp": "2020-05-10 16:50:44"}
{"batch_num": 2400, "epoch": 2, "train_acc": 0.2427, "train_top_k_acc": 0.4877, "train_loss": 3.452, "test_acc": 0.0, "test_top_k_acc": 0.0, "test_loss": 8.3666, "event": "Training update", "level": "debug", "timestamp": "2020-05-10 16:57:55"}
{"batch_num": 2600, "epoch": 2, "train_acc": 0.2216, "train_top_k_acc": 0.4709, "train_loss": 3.4972, "test_acc": 0.0, "test_top_k_acc": 0.0, "test_loss": 11.6613, "event": "Training update", "level": "debug", "timestamp": "2020-05-10 17:05:06"}
{"batch_num": 2800, "epoch": 2, "train_acc": 0.2328, "train_top_k_acc": 0.4884, "train_loss": 3.4468, "test_acc": 0.0, "test_top_k_acc": 0.0125, "test_loss": 6.9727, "event": "Training update", "level": "debug", "timestamp": "2020-05-10 17:12:16"}
{"batch_num": 3000, "epoch": 2, "train_acc": 0.232, "train_top_k_acc": 0.4828, "train_loss": 3.4557, "test_acc": 0.0, "test_top_k_acc": 0.0, "test_loss": 8.2329, "event": "Training update", "level": "debug", "timestamp": "2020-05-10 17:19:26"}
{"event": "Epoch complete, saved model state", "level": "info", "timestamp": "2020-05-10 17:23:55"}
{"batch_num": 200, "epoch": 3, "train_acc": 0.3731, "train_top_k_acc": 0.6381, "train_loss": 2.7332, "test_acc": 0.0, "test_top_k_acc": 0.0125, "test_loss": 9.1904, "event": "Training update", "level": "debug", "timestamp": "2020-05-10 17:31:06"}
{"batch_num": 400, "epoch": 3, "train_acc": 0.353, "train_top_k_acc": 0.6227, "train_loss": 2.8122, "test_acc": 0.0063, "test_top_k_acc": 0.0125, "test_loss": 10.5113, "event": "Training update", "level": "debug", "timestamp": "2020-05-10 17:38:15"}
{"batch_num": 600, "epoch": 3, "train_acc": 0.3414, "train_top_k_acc": 0.6011, "train_loss": 2.897, "test_acc": 0.0, "test_top_k_acc": 0.0, "test_loss": 7.5572, "event": "Training update", "level": "debug", "timestamp": "2020-05-10 17:45:26"}
{"batch_num": 800, "epoch": 3, "train_acc": 0.31, "train_top_k_acc": 0.5834, "train_loss": 3.0055, "test_acc": 0.0, "test_top_k_acc": 0.0, "test_loss": 13.2501, "event": "Training update", "level": "debug", "timestamp": "2020-05-10 17:52:35"}
{"batch_num": 1000, "epoch": 3, "train_acc": 0.303, "train_top_k_acc": 0.5703, "train_loss": 3.0651, "test_acc": 0.0, "test_top_k_acc": 0.0063, "test_loss": 8.4463, "event": "Training update", "level": "debug", "timestamp": "2020-05-10 18:00:15"}
{"event": "Dumped parameters", "level": "warning", "timestamp": "2020-05-10 18:02:37"}
{"event": "Stopped training", "level": "debug", "timestamp": "2020-05-10 18:02:37"}
